2021-02-26 08:34:10 Line: 61, C:\xampp\htdocs\api-subiekt-gt\src\apisubiektgt\subiektgt\products.php: <b>Source:</b> Subiekt.Towar.1<br/><b>Description:</b> Nie mo?na zablokowa? obiektu. Obiekt zosta? zablokowany przez operatora Szef na stacji DRTUSZ-BIURO.
2021-02-26 08:37:52 Line: 61, C:\xampp\htdocs\api-subiekt-gt\src\apisubiektgt\subiektgt\products.php: <b>Source:</b> Subiekt.Towar.1<br/><b>Description:</b> Nie mo?na zablokowa? obiektu. Obiekt zosta? zablokowany przez operatora Szef na stacji DRTUSZ-BIURO.
2021-02-26 08:37:54 Line: 61, C:\xampp\htdocs\api-subiekt-gt\src\apisubiektgt\subiektgt\products.php: <b>Source:</b> Subiekt.Towar.1<br/><b>Description:</b> Nie mo?na zablokowa? obiektu. Obiekt zosta? zablokowany przez operatora Szef na stacji DRTUSZ-BIURO.
2021-02-26 08:38:08 Line: 61, C:\xampp\htdocs\api-subiekt-gt\src\apisubiektgt\subiektgt\products.php: <b>Source:</b> Subiekt.Towar.1<br/><b>Description:</b> Nie mo?na zablokowa? obiektu. Obiekt zosta? zablokowany przez operatora Szef na stacji DRTUSZ-BIURO.
2021-02-26 08:39:08 Line: 61, C:\xampp\htdocs\api-subiekt-gt\src\apisubiektgt\subiektgt\products.php: <b>Source:</b> Subiekt.Towar.1<br/><b>Description:</b> Nie mo?na zablokowa? obiektu. Obiekt zosta? zablokowany przez operatora Szef na stacji DRTUSZ-BIURO.
2021-02-26 08:39:31 Line: 61, C:\xampp\htdocs\api-subiekt-gt\src\apisubiektgt\subiektgt\products.php: <b>Source:</b> Subiekt.Towar.1<br/><b>Description:</b> Nie mo?na zablokowa? obiektu. Obiekt zosta? zablokowany przez operatora Szef na stacji DRTUSZ-BIURO.
2021-02-26 08:40:20 Line: 61, C:\xampp\htdocs\api-subiekt-gt\src\apisubiektgt\subiektgt\products.php: <b>Source:</b> Subiekt.Towar.1<br/><b>Description:</b> Nie mo?na zablokowa? obiektu. Obiekt zosta? zablokowany przez operatora Szef na stacji DRTUSZ-BIURO.
2021-02-26 08:41:03 Line: 61, C:\xampp\htdocs\api-subiekt-gt\src\apisubiektgt\subiektgt\products.php: <b>Source:</b> Subiekt.Towar.1<br/><b>Description:</b> Nie mo?na zablokowa? obiektu. Obiekt zosta? zablokowany przez operatora Szef na stacji DRTUSZ-BIURO.
2021-02-26 08:41:10 Line: 61, C:\xampp\htdocs\api-subiekt-gt\src\apisubiektgt\subiektgt\products.php: <b>Source:</b> Subiekt.Towar.1<br/><b>Description:</b> Nie mo?na zablokowa? obiektu. Obiekt zosta? zablokowany przez operatora Szef na stacji DRTUSZ-BIURO.
2021-02-26 08:41:33 Line: 61, C:\xampp\htdocs\api-subiekt-gt\src\apisubiektgt\subiektgt\products.php: <b>Source:</b> Subiekt.Towar.1<br/><b>Description:</b> Nie mo?na zablokowa? obiektu. Obiekt zosta? zablokowany przez operatora Szef na stacji DRTUSZ-BIURO.
2021-02-26 08:42:20 Line: 62, C:\xampp\htdocs\api-subiekt-gt\src\apisubiektgt\subiektgt\products.php: <b>Source:</b> Subiekt.Towar.1<br/><b>Description:</b> Nie mo?na zablokowa? obiektu. Obiekt zosta? zablokowany przez operatora Szef na stacji DRTUSZ-BIURO.
2021-02-26 08:42:22 Line: 62, C:\xampp\htdocs\api-subiekt-gt\src\apisubiektgt\subiektgt\products.php: <b>Source:</b> Subiekt.Towar.1<br/><b>Description:</b> Nie mo?na zablokowa? obiektu. Obiekt zosta? zablokowany przez operatora Szef na stacji DRTUSZ-BIURO.
2021-02-26 08:43:00 Line: 62, C:\xampp\htdocs\api-subiekt-gt\src\apisubiektgt\subiektgt\products.php: <b>Source:</b> Subiekt.Towar.1<br/><b>Description:</b> Nie mo?na zablokowa? obiektu. Obiekt zosta? zablokowany przez operatora Szef na stacji DRTUSZ-BIURO.
2021-02-26 08:46:41 Line: 62, C:\xampp\htdocs\api-subiekt-gt\src\apisubiektgt\subiektgt\products.php: <b>Source:</b> Subiekt.Towar.1<br/><b>Description:</b> Nie mo?na zablokowa? obiektu. Obiekt zosta? zablokowany przez operatora Szef na stacji DRTUSZ-BIURO.
2021-02-26 08:47:00 Line: 63, C:\xampp\htdocs\api-subiekt-gt\src\apisubiektgt\subiektgt\products.php: <b>Source:</b> Subiekt.Towar.1<br/><b>Description:</b> Nie mo?na zablokowa? obiektu. Obiekt zosta? zablokowany przez operatora Szef na stacji DRTUSZ-BIURO.
2021-02-26 08:47:54 Line: 63, C:\xampp\htdocs\api-subiekt-gt\src\apisubiektgt\subiektgt\products.php: <b>Source:</b> Subiekt.Towar.1<br/><b>Description:</b> Nie mo?na zablokowa? obiektu. Obiekt zosta? zablokowany przez operatora Szef na stacji DRTUSZ-BIURO.
2021-02-26 08:48:17 Line: 63, C:\xampp\htdocs\api-subiekt-gt\src\apisubiektgt\subiektgt\products.php: <b>Source:</b> Subiekt.Towar.1<br/><b>Description:</b> Nie mo?na zablokowa? obiektu. Obiekt zosta? zablokowany przez operatora Szef na stacji DRTUSZ-BIURO.
2021-02-26 08:49:21 Line: 63, C:\xampp\htdocs\api-subiekt-gt\src\apisubiektgt\subiektgt\products.php: <b>Source:</b> Subiekt.Towar.1<br/><b>Description:</b> Nie mo?na zablokowa? obiektu. Obiekt zosta? zablokowany przez operatora Szef na stacji DRTUSZ-BIURO.
2021-02-26 08:49:22 Line: 63, C:\xampp\htdocs\api-subiekt-gt\src\apisubiektgt\subiektgt\products.php: <b>Source:</b> Subiekt.Towar.1<br/><b>Description:</b> Nie mo?na zablokowa? obiektu. Obiekt zosta? zablokowany przez operatora Szef na stacji DRTUSZ-BIURO.
2021-02-26 08:52:51 Line: 63, C:\xampp\htdocs\api-subiekt-gt\src\apisubiektgt\subiektgt\products.php: <b>Source:</b> Subiekt.Towar.1<br/><b>Description:</b> Nie mo?na zablokowa? obiektu. Obiekt zosta? zablokowany przez operatora Szef na stacji DRTUSZ-BIURO.
2021-02-26 08:55:01 Line: 63, C:\xampp\htdocs\api-subiekt-gt\src\apisubiektgt\subiektgt\products.php: <b>Source:</b> Subiekt.Towar.1<br/><b>Description:</b> Nie mo?na zablokowa? obiektu. Obiekt zosta? zablokowany przez operatora Szef na stacji DRTUSZ-BIURO.
2021-02-26 08:55:03 Line: 63, C:\xampp\htdocs\api-subiekt-gt\src\apisubiektgt\subiektgt\products.php: <b>Source:</b> Subiekt.Towar.1<br/><b>Description:</b> Nie mo?na zablokowa? obiektu. Obiekt zosta? zablokowany przez operatora Szef na stacji DRTUSZ-BIURO.
2021-02-26 08:55:11 Line: 63, C:\xampp\htdocs\api-subiekt-gt\src\apisubiektgt\subiektgt\products.php: <b>Source:</b> Subiekt.Towar.1<br/><b>Description:</b> Nie mo?na zablokowa? obiektu. Obiekt zosta? zablokowany przez operatora Szef na stacji DRTUSZ-BIURO.
2021-02-26 08:55:16 Line: 63, C:\xampp\htdocs\api-subiekt-gt\src\apisubiektgt\subiektgt\products.php: <b>Source:</b> Subiekt.Towar.1<br/><b>Description:</b> Nie mo?na zablokowa? obiektu. Obiekt zosta? zablokowany przez operatora Szef na stacji DRTUSZ-BIURO.
2021-02-26 08:55:32 Line: 63, C:\xampp\htdocs\api-subiekt-gt\src\apisubiektgt\subiektgt\products.php: <b>Source:</b> Subiekt.Towar.1<br/><b>Description:</b> Nie mo?na zablokowa? obiektu. Obiekt zosta? zablokowany przez operatora Szef na stacji DRTUSZ-BIURO.
2021-02-26 08:55:57 Line: 63, C:\xampp\htdocs\api-subiekt-gt\src\apisubiektgt\subiektgt\products.php: <b>Source:</b> Subiekt.Towar.1<br/><b>Description:</b> Nie mo?na zablokowa? obiektu. Obiekt zosta? zablokowany przez operatora Szef na stacji DRTUSZ-BIURO.
2021-02-26 08:56:38 Line: 63, C:\xampp\htdocs\api-subiekt-gt\src\apisubiektgt\subiektgt\products.php: <b>Source:</b> Subiekt.Towar.1<br/><b>Description:</b> Nie mo?na zablokowa? obiektu. Obiekt zosta? zablokowany przez operatora Szef na stacji DRTUSZ-BIURO.
2021-02-26 08:56:39 Line: 63, C:\xampp\htdocs\api-subiekt-gt\src\apisubiektgt\subiektgt\products.php: <b>Source:</b> Subiekt.Towar.1<br/><b>Description:</b> Nie mo?na zablokowa? obiektu. Obiekt zosta? zablokowany przez operatora Szef na stacji DRTUSZ-BIURO.
2021-02-26 08:56:40 Line: 63, C:\xampp\htdocs\api-subiekt-gt\src\apisubiektgt\subiektgt\products.php: <b>Source:</b> Subiekt.Towar.1<br/><b>Description:</b> Nie mo?na zablokowa? obiektu. Obiekt zosta? zablokowany przez operatora Szef na stacji DRTUSZ-BIURO.
2021-02-26 08:57:29 Line: 63, C:\xampp\htdocs\api-subiekt-gt\src\apisubiektgt\subiektgt\products.php: <b>Source:</b> Subiekt.Towar.1<br/><b>Description:</b> Nie mo?na zablokowa? obiektu. Obiekt zosta? zablokowany przez operatora Szef na stacji DRTUSZ-BIURO.
2021-02-26 08:58:22 Line: 63, C:\xampp\htdocs\api-subiekt-gt\src\apisubiektgt\subiektgt\products.php: <b>Source:</b> Subiekt.Towar.1<br/><b>Description:</b> Nie mo?na zablokowa? obiektu. Obiekt zosta? zablokowany przez operatora Szef na stacji DRTUSZ-BIURO.
2021-02-26 08:58:47 Line: 63, C:\xampp\htdocs\api-subiekt-gt\src\apisubiektgt\subiektgt\products.php: <b>Source:</b> Subiekt.Towar.1<br/><b>Description:</b> Nie mo?na zablokowa? obiektu. Obiekt zosta? zablokowany przez operatora Szef na stacji DRTUSZ-BIURO.
2021-02-26 09:10:48 Line: 63, C:\xampp\htdocs\api-subiekt-gt\src\apisubiektgt\subiektgt\products.php: <b>Source:</b> Subiekt.Towar.1<br/><b>Description:</b> Unknown Error
2021-02-26 09:14:05 Line: 63, C:\xampp\htdocs\api-subiekt-gt\src\apisubiektgt\subiektgt\products.php: <b>Source:</b> Subiekt.Towar.1<br/><b>Description:</b> Nie mo?na zablokowa? obiektu. Obiekt zosta? zablokowany przez operatora Szef na stacji DRTUSZ-BIURO.
2021-02-26 09:21:35 Line: 63, C:\xampp\htdocs\api-subiekt-gt\src\apisubiektgt\subiektgt\products.php: <b>Source:</b> Subiekt.Towar.1<br/><b>Description:</b> Nie mo?na zablokowa? obiektu. Obiekt zosta? zablokowany przez operatora Szef na stacji PAWEL.
2021-02-26 09:21:38 Line: 63, C:\xampp\htdocs\api-subiekt-gt\src\apisubiektgt\subiektgt\products.php: <b>Source:</b> Subiekt.Towar.1<br/><b>Description:</b> Nie mo?na zablokowa? obiektu. Obiekt zosta? zablokowany przez operatora Szef na stacji PAWEL.
2021-02-26 09:27:28 Line: 63, C:\xampp\htdocs\api-subiekt-gt\src\apisubiektgt\subiektgt\products.php: <b>Source:</b> Subiekt.Towar.1<br/><b>Description:</b> Nie mo?na zablokowa? obiektu. Obiekt zosta? zablokowany przez operatora Szef na stacji PAWEL.
2021-02-26 09:34:55 Line: 63, C:\xampp\htdocs\api-subiekt-gt\src\apisubiektgt\subiektgt\products.php: <b>Source:</b> Subiekt.Towar.1<br/><b>Description:</b> Nie mo?na zablokowa? obiektu. Obiekt zosta? zablokowany przez operatora Szef na stacji PAWEL.
2021-02-26 09:36:14 Line: 70, C:\xampp\htdocs\api-subiekt-gt\src\apisubiektgt\subiektgt\products.php: <b>Source:</b> Subiekt.Towar.1<br/><b>Description:</b> Nie mo?na zablokowa? obiektu. Obiekt zosta? zablokowany przez operatora Szef na stacji PAWEL.
2021-02-26 09:36:19 Line: 65, C:\xampp\htdocs\api-subiekt-gt\src\apisubiektgt\subiektgt\products.php: <b>Source:</b> Subiekt.Towar.1<br/><b>Description:</b> Nie mo?na zablokowa? obiektu. Obiekt zosta? zablokowany przez operatora Szef na stacji PAWEL.
2021-02-26 09:39:29 Line: 55, C:\xampp\htdocs\api-subiekt-gt\public\api\index.php: Nieprawid³owe wywo³anie API. Brak metody: add
2021-02-26 09:39:37 Line: 55, C:\xampp\htdocs\api-subiekt-gt\public\api\index.php: Nieprawid³owe wywo³anie API. Brak metody: add
2021-02-26 09:39:53 Line: 259, C:\xampp\htdocs\api-subiekt-gt\src\apisubiektgt\subiektgt\product.php: <b>Source:</b> Unknown<br/><b>Description:</b> Unknown
2021-02-26 09:40:27 Line: 259, C:\xampp\htdocs\api-subiekt-gt\src\apisubiektgt\subiektgt\product.php: <b>Source:</b> Unknown<br/><b>Description:</b> Unknown
2021-02-26 09:40:59 Line: 259, C:\xampp\htdocs\api-subiekt-gt\src\apisubiektgt\subiektgt\product.php: <b>Source:</b> Unknown<br/><b>Description:</b> Unknown
2021-02-26 09:41:01 Line: 259, C:\xampp\htdocs\api-subiekt-gt\src\apisubiektgt\subiektgt\product.php: <b>Source:</b> Unknown<br/><b>Description:</b> Unknown
2021-02-26 09:41:16 Line: 260, C:\xampp\htdocs\api-subiekt-gt\src\apisubiektgt\subiektgt\product.php: <b>Source:</b> Unknown<br/><b>Description:</b> Unknown
2021-02-26 09:42:16 Line: 260, C:\xampp\htdocs\api-subiekt-gt\src\apisubiektgt\subiektgt\product.php: <b>Source:</b> Unknown<br/><b>Description:</b> Unknown
2021-02-26 09:42:20 Line: 260, C:\xampp\htdocs\api-subiekt-gt\src\apisubiektgt\subiektgt\product.php: <b>Source:</b> Unknown<br/><b>Description:</b> Unknown
2021-02-26 09:42:28 Line: 261, C:\xampp\htdocs\api-subiekt-gt\src\apisubiektgt\subiektgt\product.php: <b>Source:</b> Unknown<br/><b>Description:</b> Unknown
2021-02-26 09:42:38 Line: 65, C:\xampp\htdocs\api-subiekt-gt\src\apisubiektgt\subiektgt\products.php: <b>Source:</b> Subiekt.Towar.1<br/><b>Description:</b> Nie mo?na zablokowa? obiektu. Obiekt zosta? zablokowany przez operatora Szef na stacji PAWEL.
2021-02-26 09:42:44 Line: 261, C:\xampp\htdocs\api-subiekt-gt\src\apisubiektgt\subiektgt\product.php: <b>Source:</b> Unknown<br/><b>Description:</b> Unknown
2021-02-26 09:43:18 Line: 65, C:\xampp\htdocs\api-subiekt-gt\src\apisubiektgt\subiektgt\products.php: <b>Source:</b> Subiekt.Towar.1<br/><b>Description:</b> Nie mo?na zablokowa? obiektu. Obiekt zosta? zablokowany przez operatora Szef na stacji PAWEL.
2021-02-26 09:43:25 Line: 65, C:\xampp\htdocs\api-subiekt-gt\src\apisubiektgt\subiektgt\products.php: <b>Source:</b> Subiekt.Towar.1<br/><b>Description:</b> Nie mo?na zablokowa? obiektu. Obiekt zosta? zablokowany przez operatora Szef na stacji PAWEL.
2021-02-26 09:43:26 Line: 65, C:\xampp\htdocs\api-subiekt-gt\src\apisubiektgt\subiektgt\products.php: <b>Source:</b> Subiekt.Towar.1<br/><b>Description:</b> Nie mo?na zablokowa? obiektu. Obiekt zosta? zablokowany przez operatora Szef na stacji PAWEL.
2021-02-26 09:43:26 Line: 65, C:\xampp\htdocs\api-subiekt-gt\src\apisubiektgt\subiektgt\products.php: <b>Source:</b> Subiekt.Towar.1<br/><b>Description:</b> Nie mo?na zablokowa? obiektu. Obiekt zosta? zablokowany przez operatora Szef na stacji PAWEL.
2021-02-26 09:43:30 Line: 260, C:\xampp\htdocs\api-subiekt-gt\src\apisubiektgt\subiektgt\product.php: <b>Source:</b> Unknown<br/><b>Description:</b> Unknown
2021-02-26 09:43:43 Line: 260, C:\xampp\htdocs\api-subiekt-gt\src\apisubiektgt\subiektgt\product.php: <b>Source:</b> Unknown<br/><b>Description:</b> Unknown
2021-02-26 09:44:01 Line: 260, C:\xampp\htdocs\api-subiekt-gt\src\apisubiektgt\subiektgt\product.php: <b>Source:</b> Unknown<br/><b>Description:</b> Unknown
2021-02-26 09:44:58 Line: 65, C:\xampp\htdocs\api-subiekt-gt\src\apisubiektgt\subiektgt\products.php: <b>Source:</b> Subiekt.Towar.1<br/><b>Description:</b>  .
2021-02-26 09:45:23 Line: 260, C:\xampp\htdocs\api-subiekt-gt\src\apisubiektgt\subiektgt\product.php: <b>Source:</b> Unknown<br/><b>Description:</b> Unknown
2021-02-26 09:45:35 Line: 260, C:\xampp\htdocs\api-subiekt-gt\src\apisubiektgt\subiektgt\product.php: <b>Source:</b> Unknown<br/><b>Description:</b> Unknown
2021-02-26 09:45:49 Line: 260, C:\xampp\htdocs\api-subiekt-gt\src\apisubiektgt\subiektgt\product.php: <b>Source:</b> Unknown<br/><b>Description:</b> Unknown
2021-02-26 09:46:02 Line: 260, C:\xampp\htdocs\api-subiekt-gt\src\apisubiektgt\subiektgt\product.php: <b>Source:</b> Unknown<br/><b>Description:</b> Unknown
2021-02-26 09:49:33 Line: 259, C:\xampp\htdocs\api-subiekt-gt\src\apisubiektgt\subiektgt\product.php: <b>Source:</b> Unknown<br/><b>Description:</b> Unknown
2021-02-26 09:50:37 Line: 260, C:\xampp\htdocs\api-subiekt-gt\src\apisubiektgt\subiektgt\product.php: <b>Source:</b> Unknown<br/><b>Description:</b> Unknown
2021-02-26 09:51:05 Line: 261, C:\xampp\htdocs\api-subiekt-gt\src\apisubiektgt\subiektgt\product.php: <b>Source:</b> Unknown<br/><b>Description:</b> Unknown
2021-02-26 09:51:15 Line: 65, C:\xampp\htdocs\api-subiekt-gt\src\apisubiektgt\subiektgt\products.php: <b>Source:</b> Subiekt.Towar.1<br/><b>Description:</b>  .
2021-02-26 09:51:17 Line: 65, C:\xampp\htdocs\api-subiekt-gt\src\apisubiektgt\subiektgt\products.php: <b>Source:</b> Subiekt.Towar.1<br/><b>Description:</b>  .
2021-02-26 09:51:18 Line: 65, C:\xampp\htdocs\api-subiekt-gt\src\apisubiektgt\subiektgt\products.php: <b>Source:</b> Subiekt.Towar.1<br/><b>Description:</b>  .
2021-02-26 09:51:23 Line: 65, C:\xampp\htdocs\api-subiekt-gt\src\apisubiektgt\subiektgt\products.php: <b>Source:</b> Subiekt.Towar.1<br/><b>Description:</b>  .
2021-02-26 09:51:24 Line: 65, C:\xampp\htdocs\api-subiekt-gt\src\apisubiektgt\subiektgt\products.php: <b>Source:</b> Subiekt.Towar.1<br/><b>Description:</b>  .
2021-02-26 09:51:24 Line: 65, C:\xampp\htdocs\api-subiekt-gt\src\apisubiektgt\subiektgt\products.php: <b>Source:</b> Subiekt.Towar.1<br/><b>Description:</b>  .
2021-02-26 09:51:24 Line: 261, C:\xampp\htdocs\api-subiekt-gt\src\apisubiektgt\subiektgt\product.php: <b>Source:</b> Unknown<br/><b>Description:</b> Unknown
2021-02-26 09:51:31 Line: 65, C:\xampp\htdocs\api-subiekt-gt\src\apisubiektgt\subiektgt\products.php: <b>Source:</b> Subiekt.Towar.1<br/><b>Description:</b> Nie mo?na zablokowa? obiektu. Obiekt zosta? zablokowany przez operatora Szef na stacji PAWEL.
2021-02-26 09:51:33 Line: 65, C:\xampp\htdocs\api-subiekt-gt\src\apisubiektgt\subiektgt\products.php: <b>Source:</b> Subiekt.Towar.1<br/><b>Description:</b>  .
2021-02-26 09:51:36 Line: 65, C:\xampp\htdocs\api-subiekt-gt\src\apisubiektgt\subiektgt\products.php: <b>Source:</b> Subiekt.Towar.1<br/><b>Description:</b>  .
2021-02-26 09:51:36 Line: 65, C:\xampp\htdocs\api-subiekt-gt\src\apisubiektgt\subiektgt\products.php: <b>Source:</b> Subiekt.Towar.1<br/><b>Description:</b>  .
2021-02-26 09:52:26 Line: 65, C:\xampp\htdocs\api-subiekt-gt\src\apisubiektgt\subiektgt\products.php: <b>Source:</b> Subiekt.Towar.1<br/><b>Description:</b>  .
2021-02-26 09:52:51 Line: 261, C:\xampp\htdocs\api-subiekt-gt\src\apisubiektgt\subiektgt\product.php: <b>Source:</b> Unknown<br/><b>Description:</b> Unknown
2021-02-26 09:53:51 Line: 262, C:\xampp\htdocs\api-subiekt-gt\src\apisubiektgt\subiektgt\product.php: <b>Source:</b> Unknown<br/><b>Description:</b> Unknown
2021-02-26 09:53:59 Line: 65, C:\xampp\htdocs\api-subiekt-gt\src\apisubiektgt\subiektgt\products.php: <b>Source:</b> Subiekt.Towar.1<br/><b>Description:</b> Nie mo?na zablokowa? obiektu. Obiekt zosta? zablokowany przez operatora Szef na stacji PAWEL.
2021-02-26 09:54:02 Line: 65, C:\xampp\htdocs\api-subiekt-gt\src\apisubiektgt\subiektgt\products.php: <b>Source:</b> Subiekt.Towar.1<br/><b>Description:</b> Nie mo?na zablokowa? obiektu. Obiekt zosta? zablokowany przez operatora Szef na stacji PAWEL.
2021-02-26 09:54:03 Line: 65, C:\xampp\htdocs\api-subiekt-gt\src\apisubiektgt\subiektgt\products.php: <b>Source:</b> Subiekt.Towar.1<br/><b>Description:</b> Nie mo?na zablokowa? obiektu. Obiekt zosta? zablokowany przez operatora Szef na stacji PAWEL.
2021-02-26 09:54:22 Line: 262, C:\xampp\htdocs\api-subiekt-gt\src\apisubiektgt\subiektgt\product.php: <b>Source:</b> Unknown<br/><b>Description:</b> Unknown
2021-02-26 09:54:46 Line: 263, C:\xampp\htdocs\api-subiekt-gt\src\apisubiektgt\subiektgt\product.php: <b>Source:</b> Unknown<br/><b>Description:</b> Unknown
2021-02-26 09:54:56 Line: 263, C:\xampp\htdocs\api-subiekt-gt\src\apisubiektgt\subiektgt\product.php: <b>Source:</b> Unknown<br/><b>Description:</b> Unknown
2021-02-26 09:55:17 Line: 65, C:\xampp\htdocs\api-subiekt-gt\src\apisubiektgt\subiektgt\products.php: <b>Source:</b> Subiekt.Towar.1<br/><b>Description:</b> Nie mo?na zablokowa? obiektu. Obiekt zosta? zablokowany przez operatora Szef na stacji PAWEL.
2021-02-26 09:55:44 Line: 263, C:\xampp\htdocs\api-subiekt-gt\src\apisubiektgt\subiektgt\product.php: <b>Source:</b> Unknown<br/><b>Description:</b> Unknown
2021-02-26 09:56:51 Line: 57, C:\xampp\htdocs\api-subiekt-gt\src\apisubiektgt\subiektgt\product.php: <b>Source:</b> Subiekt.Towar.1<br/><b>Description:</b> Nie mo?na zablokowa? obiektu. Obiekt zosta? zablokowany przez operatora Szef na stacji PAWEL.
2021-02-26 09:56:58 Line: 57, C:\xampp\htdocs\api-subiekt-gt\src\apisubiektgt\subiektgt\product.php: <b>Source:</b> Subiekt.Towar.1<br/><b>Description:</b> Nie mo?na zablokowa? obiektu. Obiekt zosta? zablokowany przez operatora Szef na stacji PAWEL.
2021-02-26 09:57:05 Line: 57, C:\xampp\htdocs\api-subiekt-gt\src\apisubiektgt\subiektgt\product.php: <b>Source:</b> Subiekt.Towar.1<br/><b>Description:</b> Nie mo?na zablokowa? obiektu. Obiekt zosta? zablokowany przez operatora Szef na stacji PAWEL.
2021-02-26 09:58:21 Line: 56, C:\xampp\htdocs\api-subiekt-gt\src\apisubiektgt\subiektgt\product.php: <b>Source:</b> Subiekt.Towar.1<br/><b>Description:</b> Nie mo?na zablokowa? obiektu. Obiekt zosta? zablokowany przez operatora Szef na stacji PAWEL.
2021-02-26 09:59:38 Line: 56, C:\xampp\htdocs\api-subiekt-gt\src\apisubiektgt\subiektgt\product.php: <b>Source:</b> Subiekt.Towar.1<br/><b>Description:</b> Nie mo?na zablokowa? obiektu. Obiekt zosta? zablokowany przez operatora Szef na stacji PAWEL.
2021-02-26 10:00:20 Line: 57, C:\xampp\htdocs\api-subiekt-gt\src\apisubiektgt\subiektgt\product.php: <b>Source:</b> Subiekt.Towar.1<br/><b>Description:</b> Nie mo?na zablokowa? obiektu. Obiekt zosta? zablokowany przez operatora Szef na stacji PAWEL.
2021-02-26 10:00:36 Line: 57, C:\xampp\htdocs\api-subiekt-gt\src\apisubiektgt\subiektgt\product.php: <b>Source:</b> Subiekt.Towar.1<br/><b>Description:</b> Nie mo?na zablokowa? obiektu. Obiekt zosta? zablokowany przez operatora Szef na stacji PAWEL.
2021-02-26 10:03:33 Line: 57, C:\xampp\htdocs\api-subiekt-gt\src\apisubiektgt\subiektgt\product.php: <b>Source:</b> Subiekt.Towar.1<br/><b>Description:</b> Nie mo?na zablokowa? obiektu. Obiekt zosta? zablokowany przez operatora Szef na stacji DRTUSZ-BIURO.
2021-02-26 10:05:08 Line: 57, C:\xampp\htdocs\api-subiekt-gt\src\apisubiektgt\subiektgt\product.php: <b>Source:</b> Subiekt.Towar.1<br/><b>Description:</b> Nie mo?na zablokowa? obiektu. Obiekt zosta? zablokowany przez operatora Szef na stacji DRTUSZ-BIURO.
2021-02-26 10:12:54 Line: 66, C:\xampp\htdocs\api-subiekt-gt\src\apisubiektgt\subiektgt\product.php: <b>Source:</b> Subiekt.Towar.1<br/><b>Description:</b> Nie mo?na zablokowa? obiektu. Obiekt zosta? zablokowany przez operatora Szef na stacji DRTUSZ-BIURO.
2021-02-26 10:13:03 Line: 57, C:\xampp\htdocs\api-subiekt-gt\src\apisubiektgt\subiektgt\product.php: <b>Source:</b> Subiekt.Towar.1<br/><b>Description:</b> Nie mo?na zablokowa? obiektu. Obiekt zosta? zablokowany przez operatora Szef na stacji DRTUSZ-BIURO.
2021-02-26 10:13:13 Line: 57, C:\xampp\htdocs\api-subiekt-gt\src\apisubiektgt\subiektgt\product.php: <b>Source:</b> Subiekt.Towar.1<br/><b>Description:</b> Nie mo?na zablokowa? obiektu. Obiekt zosta? zablokowany przez operatora Szef na stacji DRTUSZ-BIURO.
2021-02-26 10:13:31 Line: 57, C:\xampp\htdocs\api-subiekt-gt\src\apisubiektgt\subiektgt\product.php: <b>Source:</b> Subiekt.Towar.1<br/><b>Description:</b> Nie mo?na zablokowa? obiektu. Obiekt zosta? zablokowany przez operatora Szef na stacji DRTUSZ-BIURO.
2021-02-26 10:16:43 Line: 58, C:\xampp\htdocs\api-subiekt-gt\src\apisubiektgt\subiektgt\product.php: <b>Source:</b> Subiekt.Towar.1<br/><b>Description:</b> Nie mo?na zablokowa? obiektu. Obiekt zosta? zablokowany przez operatora Szef na stacji DRTUSZ-BIURO.
2021-02-26 10:17:47 Line: 65, C:\xampp\htdocs\api-subiekt-gt\src\apisubiektgt\subiektgt\products.php: Unable to lookup `TowaryManager': Nieznana nazwa.
2021-02-26 10:18:09 Line: 66, C:\xampp\htdocs\api-subiekt-gt\src\apisubiektgt\subiektgt\products.php: <b>Source:</b> Subiekt.Towar.1<br/><b>Description:</b> Nie mo?na zablokowa? obiektu. Obiekt zosta? zablokowany przez operatora Szef na stacji DRTUSZ-BIURO.
2021-02-26 10:18:16 Line: 66, C:\xampp\htdocs\api-subiekt-gt\src\apisubiektgt\subiektgt\products.php: <b>Source:</b> Subiekt.Towar.1<br/><b>Description:</b> Nie mo?na zablokowa? obiektu. Obiekt zosta? zablokowany przez operatora Szef na stacji DRTUSZ-BIURO.
2021-02-26 10:19:44 Line: 58, C:\xampp\htdocs\api-subiekt-gt\src\apisubiektgt\subiektgt\product.php: <b>Source:</b> Subiekt.Towar.1<br/><b>Description:</b> Nie mo?na zablokowa? obiektu. Obiekt zosta? zablokowany przez operatora Szef na stacji DRTUSZ-BIURO.
2021-02-26 10:19:48 Line: 65, C:\xampp\htdocs\api-subiekt-gt\src\apisubiektgt\subiektgt\products.php: Unable to lookup `ZaznaczoneId': Nieznana nazwa.
2021-02-26 10:21:02 Line: 65, C:\xampp\htdocs\api-subiekt-gt\src\apisubiektgt\subiektgt\products.php: Unable to lookup `TowaryManager': Nieznana nazwa.
2021-02-26 10:21:18 Line: 66, C:\xampp\htdocs\api-subiekt-gt\src\apisubiektgt\subiektgt\products.php: <b>Source:</b> Subiekt.Towar.1<br/><b>Description:</b> Nie mo?na zablokowa? obiektu. Obiekt zosta? zablokowany przez operatora Szef na stacji DRTUSZ-BIURO.
2021-02-26 10:21:41 Line: 65, C:\xampp\htdocs\api-subiekt-gt\src\apisubiektgt\subiektgt\products.php: <b>Source:</b> Subiekt.Towar.1<br/><b>Description:</b> Nie mo?na zablokowa? obiektu. Obiekt zosta? zablokowany przez operatora Szef na stacji DRTUSZ-BIURO.
2021-02-26 10:22:01 Line: 65, C:\xampp\htdocs\api-subiekt-gt\src\apisubiektgt\subiektgt\products.php: <b>Source:</b> Subiekt.Towar.1<br/><b>Description:</b> Nie mo?na zablokowa? obiektu. Obiekt zosta? zablokowany przez operatora Szef na stacji DRTUSZ-BIURO.
2021-02-26 10:22:05 Line: 65, C:\xampp\htdocs\api-subiekt-gt\src\apisubiektgt\subiektgt\products.php: <b>Source:</b> Subiekt.Towar.1<br/><b>Description:</b> Nie mo?na zablokowa? obiektu. Obiekt zosta? zablokowany przez operatora Szef na stacji DRTUSZ-BIURO.
2021-02-26 10:22:06 Line: 65, C:\xampp\htdocs\api-subiekt-gt\src\apisubiektgt\subiektgt\products.php: <b>Source:</b> Subiekt.Towar.1<br/><b>Description:</b> Nie mo?na zablokowa? obiektu. Obiekt zosta? zablokowany przez operatora Szef na stacji DRTUSZ-BIURO.
2021-02-26 10:22:22 Line: 65, C:\xampp\htdocs\api-subiekt-gt\src\apisubiektgt\subiektgt\products.php: <b>Source:</b> Subiekt.Towar.1<br/><b>Description:</b> Nie mo?na zablokowa? obiektu. Obiekt zosta? zablokowany przez operatora Szef na stacji DRTUSZ-BIURO.
2021-02-26 10:22:27 Line: 65, C:\xampp\htdocs\api-subiekt-gt\src\apisubiektgt\subiektgt\products.php: <b>Source:</b> Subiekt.Towar.1<br/><b>Description:</b> Nie mo?na zablokowa? obiektu. Obiekt zosta? zablokowany przez operatora Szef na stacji DRTUSZ-BIURO.
2021-02-26 10:22:57 Line: 65, C:\xampp\htdocs\api-subiekt-gt\src\apisubiektgt\subiektgt\products.php: <b>Source:</b> Subiekt.Towar.1<br/><b>Description:</b> Nie mo?na zablokowa? obiektu. Obiekt zosta? zablokowany przez operatora Szef na stacji DRTUSZ-BIURO.
2021-02-26 10:23:19 Line: 65, C:\xampp\htdocs\api-subiekt-gt\src\apisubiektgt\subiektgt\products.php: <b>Source:</b> Subiekt.Towar.1<br/><b>Description:</b> Nie mo?na zablokowa? obiektu. Obiekt zosta? zablokowany przez operatora Szef na stacji DRTUSZ-BIURO.
2021-02-26 10:23:38 Line: 65, C:\xampp\htdocs\api-subiekt-gt\src\apisubiektgt\subiektgt\products.php: <b>Source:</b> Subiekt.Towar.1<br/><b>Description:</b> Nie mo?na zablokowa? obiektu. Obiekt zosta? zablokowany przez operatora Szef na stacji DRTUSZ-BIURO.
2021-02-26 10:24:07 Line: 65, C:\xampp\htdocs\api-subiekt-gt\src\apisubiektgt\subiektgt\products.php: <b>Source:</b> Subiekt.Towar.1<br/><b>Description:</b> Nie mo?na zablokowa? obiektu. Obiekt zosta? zablokowany przez operatora Szef na stacji DRTUSZ-BIURO.
2021-02-26 10:24:22 Line: 66, C:\xampp\htdocs\api-subiekt-gt\src\apisubiektgt\subiektgt\products.php: <b>Source:</b> Subiekt.Towar.1<br/><b>Description:</b> Nie mo?na zablokowa? obiektu. Obiekt zosta? zablokowany przez operatora Szef na stacji DRTUSZ-BIURO.
2021-02-26 10:24:33 Line: 66, C:\xampp\htdocs\api-subiekt-gt\src\apisubiektgt\subiektgt\products.php: <b>Source:</b> Subiekt.Towar.1<br/><b>Description:</b> Nie mo?na zablokowa? obiektu. Obiekt zosta? zablokowany przez operatora Szef na stacji PAWEL.
2021-02-26 10:29:00 Line: 58, C:\xampp\htdocs\api-subiekt-gt\src\apisubiektgt\subiektgt\product.php: <b>Source:</b> Subiekt.Towar.1<br/><b>Description:</b> Nie mo?na zablokowa? obiektu. Obiekt zosta? zablokowany przez operatora Szef na stacji DRTUSZ-BIURO.
2021-02-26 10:29:09 Line: 66, C:\xampp\htdocs\api-subiekt-gt\src\apisubiektgt\subiektgt\products.php: <b>Source:</b> Subiekt.Towar.1<br/><b>Description:</b> Nie mo?na zablokowa? obiektu. Obiekt zosta? zablokowany przez operatora Szef na stacji PAWEL.
2021-02-26 10:29:12 Line: 66, C:\xampp\htdocs\api-subiekt-gt\src\apisubiektgt\subiektgt\products.php: <b>Source:</b> Subiekt.Towar.1<br/><b>Description:</b> Nie mo?na zablokowa? obiektu. Obiekt zosta? zablokowany przez operatora Szef na stacji PAWEL.
2021-02-26 10:30:29 Line: 66, C:\xampp\htdocs\api-subiekt-gt\src\apisubiektgt\subiektgt\products.php: <b>Source:</b> Subiekt.Towar.1<br/><b>Description:</b> Nie mo?na zablokowa? obiektu. Obiekt zosta? zablokowany przez operatora Szef na stacji PAWEL.
2021-02-26 10:31:35 Line: 66, C:\xampp\htdocs\api-subiekt-gt\src\apisubiektgt\subiektgt\products.php: <b>Source:</b> Subiekt.Towar.1<br/><b>Description:</b> Nie mo?na zablokowa? obiektu. Obiekt zosta? zablokowany przez operatora Szef na stacji PAWEL.
2021-02-26 10:31:43 Line: 66, C:\xampp\htdocs\api-subiekt-gt\src\apisubiektgt\subiektgt\products.php: <b>Source:</b> Subiekt.Towar.1<br/><b>Description:</b> Nie mo?na zablokowa? obiektu. Obiekt zosta? zablokowany przez operatora Szef na stacji PAWEL.
2021-02-26 10:33:25 Line: 66, C:\xampp\htdocs\api-subiekt-gt\src\apisubiektgt\subiektgt\products.php: <b>Source:</b> Subiekt.Towar.1<br/><b>Description:</b> Nie mo?na zablokowa? obiektu. Obiekt zosta? zablokowany przez operatora Szef na stacji PAWEL.
2021-02-26 10:33:25 Line: 59, C:\xampp\htdocs\api-subiekt-gt\src\apisubiektgt\subiektgt\product.php: <b>Source:</b> Subiekt.Towar.1<br/><b>Description:</b> Nie mo?na zablokowa? obiektu. Obiekt zosta? zablokowany przez operatora Szef na stacji DRTUSZ-BIURO.
2021-02-26 10:36:05 Line: 66, C:\xampp\htdocs\api-subiekt-gt\src\apisubiektgt\subiektgt\products.php: <b>Source:</b> Subiekt.Towar.1<br/><b>Description:</b> Nie mo?na zablokowa? obiektu. Obiekt zosta? zablokowany przez operatora Szef na stacji PAWEL.
2021-02-26 10:36:06 Line: 66, C:\xampp\htdocs\api-subiekt-gt\src\apisubiektgt\subiektgt\products.php: <b>Source:</b> Subiekt.Towar.1<br/><b>Description:</b> Nie mo?na zablokowa? obiektu. Obiekt zosta? zablokowany przez operatora Szef na stacji PAWEL.
2021-02-26 10:36:17 Line: 66, C:\xampp\htdocs\api-subiekt-gt\src\apisubiektgt\subiektgt\products.php: <b>Source:</b> Subiekt.Towar.1<br/><b>Description:</b> Nie mo?na zablokowa? obiektu. Obiekt zosta? zablokowany przez operatora Szef na stacji PAWEL.
2021-02-26 10:50:35 Line: 66, C:\xampp\htdocs\api-subiekt-gt\src\apisubiektgt\subiektgt\products.php: <b>Source:</b> Subiekt.Towar.1<br/><b>Description:</b> Nie mo?na zablokowa? obiektu. Obiekt zosta? zablokowany przez operatora Szef na stacji DRTUSZ-BIURO.
2021-02-26 10:50:46 Line: 66, C:\xampp\htdocs\api-subiekt-gt\src\apisubiektgt\subiektgt\products.php: <b>Source:</b> Subiekt.Towar.1<br/><b>Description:</b> Nie mo?na zablokowa? obiektu. Obiekt zosta? zablokowany przez operatora Szef na stacji DRTUSZ-BIURO.
2021-02-26 11:29:47 Line: 67, C:\xampp\htdocs\api-subiekt-gt\src\apisubiektgt\subiektgt\products.php: <b>Source:</b> Subiekt.Towar.1<br/><b>Description:</b> Nie mo?na zablokowa? obiektu. Obiekt zosta? zablokowany przez operatora Szef na stacji DRTUSZ-BIURO.
2021-02-26 14:30:28 Line: 55, C:\xampp\htdocs\zapi\drtusz\src\apisubiektgt\subiektgt.php: <b>Source:</b> Unknown<br/><b>Description:</b> Unknown
2021-02-26 14:44:38 Line: 57, C:\xampp\htdocs\zapi\drtusz\src\apisubiektgt\subiektgt\products.php: <b>Source:</b> Subiekt.Towar.1<br/><b>Description:</b> B??d zapisu do bazy danych. Wyst?pi?y nieznane b??dy.
2021-02-26 14:46:42 Line: 57, C:\xampp\htdocs\zapi\drtusz\src\apisubiektgt\subiektgt\products.php: <b>Source:</b> Subiekt.Towar.1<br/><b>Description:</b> B??d zapisu do bazy danych. Wyst?pi?y nieznane b??dy.
2021-02-26 14:48:10 Line: 57, C:\xampp\htdocs\zapi\drtusz\src\apisubiektgt\subiektgt\products.php: <b>Source:</b> Subiekt.Towar.1<br/><b>Description:</b> B??d zapisu do bazy danych. Wyst?pi?y nieznane b??dy.
2021-02-26 14:48:23 Line: 57, C:\xampp\htdocs\zapi\drtusz\src\apisubiektgt\subiektgt\products.php: <b>Source:</b> Subiekt.Towar.1<br/><b>Description:</b> B??d zapisu do bazy danych. Wyst?pi?y nieznane b??dy.
2021-02-26 14:49:09 Line: 57, C:\xampp\htdocs\zapi\drtusz\src\apisubiektgt\subiektgt\products.php: <b>Source:</b> Subiekt.Towar.1<br/><b>Description:</b> B??d zapisu do bazy danych. Wyst?pi?y nieznane b??dy.
2021-02-26 14:49:16 Line: 57, C:\xampp\htdocs\zapi\drtusz\src\apisubiektgt\subiektgt\products.php: <b>Source:</b> Subiekt.Towar.1<br/><b>Description:</b> B??d zapisu do bazy danych. Wyst?pi?y nieznane b??dy.
2021-02-26 14:55:56 Line: 57, C:\xampp\htdocs\zapi\drtusz\src\apisubiektgt\subiektgt\products.php: <b>Source:</b> Subiekt.Towar.1<br/><b>Description:</b> B??d zapisu do bazy danych. Wyst?pi?y nieznane b??dy.
2021-02-26 14:59:28 Line: 55, C:\xampp\htdocs\zapi\drtusz\src\apisubiektgt\subiektgt\products.php: Unable to lookup `Aktywny': Zdalne wywo³anie procedury nie powiod³o siê.
2021-02-26 15:10:49 Line: 58, C:\xampp\htdocs\zapi\drtusz\src\apisubiektgt\subiektgt\products.php: <b>Source:</b> Subiekt.Towar.1<br/><b>Description:</b> B??d zapisu do bazy danych. Wyst?pi?y nieznane b??dy.
