2021-02-23 11:39:49 Line: 66, C:\xampp\htdocs\api-subiekt-gt\public\api\index.php: Nieprawid這wy klucz API - api_key!
2021-02-23 18:09:24 Line: 88, C:\xampp\htdocs\api-subiekt-gt\src\apisubiektgt\subiektgt\product.php: <b>Source:</b> InsERT.GT.1<br/><b>Description:</b> Kontrahent nie istnieje.
2021-02-23 18:10:00 Line: 88, C:\xampp\htdocs\api-subiekt-gt\src\apisubiektgt\subiektgt\product.php: <b>Source:</b> InsERT.GT.1<br/><b>Description:</b> Kontrahent nie istnieje.
2021-02-23 18:10:25 Line: 123, C:\xampp\htdocs\api-subiekt-gt\src\apisubiektgt\subiektgt\product.php: <b>Source:</b> Unknown<br/><b>Description:</b> Unknown
2021-02-23 18:10:37 Line: 123, C:\xampp\htdocs\api-subiekt-gt\src\apisubiektgt\subiektgt\product.php: <b>Source:</b> Unknown<br/><b>Description:</b> Unknown
2021-02-23 18:11:18 Line: 123, C:\xampp\htdocs\api-subiekt-gt\src\apisubiektgt\subiektgt\product.php: <b>Source:</b> Unknown<br/><b>Description:</b> Unknown
2021-02-23 18:11:28 Line: 123, C:\xampp\htdocs\api-subiekt-gt\src\apisubiektgt\subiektgt\product.php: <b>Source:</b> Unknown<br/><b>Description:</b> Unknown
2021-02-23 18:11:33 Line: 123, C:\xampp\htdocs\api-subiekt-gt\src\apisubiektgt\subiektgt\product.php: <b>Source:</b> Unknown<br/><b>Description:</b> Unknown
2021-02-23 18:11:47 Line: 267, C:\xampp\htdocs\api-subiekt-gt\src\apisubiektgt\subiektgt\product.php: <b>Source:</b> Subiekt.Towar.1<br/><b>Description:</b> B??d zapisu do bazy danych. Zapis spowodowa?by naruszenie integralno?ci danych.
Wi?cej informacji na ten temat w pomocy, w rozdziale "Problemy techniczne".
2021-02-23 18:13:56 Line: 140, C:\xampp\htdocs\api-subiekt-gt\src\apisubiektgt\subiektgt\product.php: <b>Source:</b> InsERT.GT.1<br/><b>Description:</b> Warto?? musi by? unikalna.
2021-02-23 18:14:18 Line: 140, C:\xampp\htdocs\api-subiekt-gt\src\apisubiektgt\subiektgt\product.php: <b>Source:</b> InsERT.GT.1<br/><b>Description:</b> Warto?? musi by? unikalna.
2021-02-23 18:14:45 Line: 140, C:\xampp\htdocs\api-subiekt-gt\src\apisubiektgt\subiektgt\product.php: <b>Source:</b> InsERT.GT.1<br/><b>Description:</b> Warto?? musi by? unikalna.
2021-02-23 18:14:55 Line: 140, C:\xampp\htdocs\api-subiekt-gt\src\apisubiektgt\subiektgt\product.php: <b>Source:</b> InsERT.GT.1<br/><b>Description:</b> Warto?? musi by? unikalna.
2021-02-23 18:15:31 Line: 140, C:\xampp\htdocs\api-subiekt-gt\src\apisubiektgt\subiektgt\product.php: <b>Source:</b> InsERT.GT.1<br/><b>Description:</b> Warto?? musi by? unikalna.
2021-02-23 18:16:25 Line: 140, C:\xampp\htdocs\api-subiekt-gt\src\apisubiektgt\subiektgt\product.php: <b>Source:</b> InsERT.GT.1<br/><b>Description:</b> Warto?? musi by? unikalna.
2021-02-23 18:21:50 Line: 73, C:\xampp\htdocs\api-subiekt-gt\src\apisubiektgt\subiektgt\product.php: Error [0x8002000e] Nieprawid這wa liczba parametr闚.
2021-02-23 18:23:51 Line: 73, C:\xampp\htdocs\api-subiekt-gt\src\apisubiektgt\subiektgt\product.php: Error [0x8002000e] Nieprawid這wa liczba parametr闚.
2021-02-23 18:24:17 Line: 73, C:\xampp\htdocs\api-subiekt-gt\src\apisubiektgt\subiektgt\product.php: Error [0x8002000e] Nieprawid這wa liczba parametr闚.
2021-02-23 18:25:17 Line: 73, C:\xampp\htdocs\api-subiekt-gt\src\apisubiektgt\subiektgt\product.php: Error [0x8002000e] Nieprawid這wa liczba parametr闚.
2021-02-23 18:25:45 Line: 31, C:\xampp\htdocs\api-subiekt-gt\public\api\index.php: JSON read: Syntax error
2021-02-23 18:25:59 Line: 73, C:\xampp\htdocs\api-subiekt-gt\src\apisubiektgt\subiektgt\product.php: Error [0x8002000e] Nieprawid這wa liczba parametr闚.
2021-02-23 18:32:08 Line: 73, C:\xampp\htdocs\api-subiekt-gt\src\apisubiektgt\subiektgt\product.php: Error [0x8002000e] Nieprawid這wa liczba parametr闚.
2021-02-23 18:37:14 Line: 73, C:\xampp\htdocs\api-subiekt-gt\src\apisubiektgt\subiektgt\product.php: Error [0x8002000e] Nieprawid這wa liczba parametr闚.
2021-02-23 18:37:26 Line: 73, C:\xampp\htdocs\api-subiekt-gt\src\apisubiektgt\subiektgt\product.php: Error [0x8002000e] Nieprawid這wa liczba parametr闚.
2021-02-23 18:45:57 Line: 73, C:\xampp\htdocs\api-subiekt-gt\src\apisubiektgt\subiektgt\product.php: Error [0x8002000e] Nieprawid這wa liczba parametr闚.
2021-02-23 18:48:25 Line: 44, C:\xampp\htdocs\api-subiekt-gt\src\apisubiektgt\subiektgt\product.php: Error [0x8002000e] Nieprawid這wa liczba parametr闚.
2021-02-23 18:49:56 Line: 70, C:\xampp\htdocs\api-subiekt-gt\src\apisubiektgt\subiektgt\product.php: Error [0x8002000e] Nieprawid這wa liczba parametr闚.
2021-02-23 18:50:31 Line: 70, C:\xampp\htdocs\api-subiekt-gt\src\apisubiektgt\subiektgt\product.php: Error [0x8002000e] Nieprawid這wa liczba parametr闚.
2021-02-23 18:51:58 Line: 67, C:\xampp\htdocs\api-subiekt-gt\src\apisubiektgt\subiektgt\product.php: Error [0x8002000e] Nieprawid這wa liczba parametr闚.
2021-02-23 18:51:59 Line: 67, C:\xampp\htdocs\api-subiekt-gt\src\apisubiektgt\subiektgt\product.php: Error [0x8002000e] Nieprawid這wa liczba parametr闚.
2021-02-23 18:52:20 Line: 67, C:\xampp\htdocs\api-subiekt-gt\src\apisubiektgt\subiektgt\product.php: Error [0x8002000e] Nieprawid這wa liczba parametr闚.
2021-02-23 18:53:07 Line: 67, C:\xampp\htdocs\api-subiekt-gt\src\apisubiektgt\subiektgt\product.php: Error [0x8002000e] Nieprawid這wa liczba parametr闚.
2021-02-23 18:55:28 Line: 67, C:\xampp\htdocs\api-subiekt-gt\src\apisubiektgt\subiektgt\product.php: Error [0x8002000e] Nieprawid這wa liczba parametr闚.
2021-02-23 18:55:33 Line: 67, C:\xampp\htdocs\api-subiekt-gt\src\apisubiektgt\subiektgt\product.php: Error [0x8002000e] Nieprawid這wa liczba parametr闚.
2021-02-23 19:12:31 Line: 69, C:\xampp\htdocs\api-subiekt-gt\src\apisubiektgt\subiektgt\product.php: Error [0x80020011] Nie obs逝guje kolekcji.
2021-02-23 19:12:46 Line: 69, C:\xampp\htdocs\api-subiekt-gt\src\apisubiektgt\subiektgt\product.php: Error [0x8002000e] Nieprawid這wa liczba parametr闚.
2021-02-23 19:28:06 Line: 56, C:\xampp\htdocs\api-subiekt-gt\src\apisubiektgt\subiektgt.php: <b>Source:</b> Unknown<br/><b>Description:</b> Unknown
2021-02-23 19:28:42 Line: 69, C:\xampp\htdocs\api-subiekt-gt\src\apisubiektgt\subiektgt\product.php: Error [0x8002000e] Nieprawid這wa liczba parametr闚.
2021-02-23 19:29:48 Line: 69, C:\xampp\htdocs\api-subiekt-gt\src\apisubiektgt\subiektgt\product.php: Error [0x8002000e] Nieprawid這wa liczba parametr闚.
2021-02-23 19:32:04 Line: 237, C:\xampp\htdocs\api-subiekt-gt\src\apisubiektgt\subiektgt\product.php: Error [0x80020011] Nie obs逝guje kolekcji.
2021-02-23 19:32:14 Line: 237, C:\xampp\htdocs\api-subiekt-gt\src\apisubiektgt\subiektgt\product.php: Error [0x80020011] Nie obs逝guje kolekcji.
2021-02-23 19:46:14 Line: 52, C:\xampp\htdocs\api-subiekt-gt\public\api\index.php: Nieprawid這we wywo豉nie API. Brak metody: add
2021-02-23 19:46:29 Line: 52, C:\xampp\htdocs\api-subiekt-gt\public\api\index.php: Nieprawid這we wywo豉nie API. Brak metody: add
2021-02-23 19:54:31 Line: 52, C:\xampp\htdocs\api-subiekt-gt\public\api\index.php: Nieprawid這we wywo豉nie API. Brak metody: add
2021-02-23 19:58:30 Line: 53, C:\xampp\htdocs\api-subiekt-gt\public\api\index.php: Nieprawid這we wywo豉nie API. Brak metody: add
2021-02-23 20:01:55 Line: 53, C:\xampp\htdocs\api-subiekt-gt\public\api\index.php: Nieprawid這we wywo豉nie API. Brak metody: add
2021-02-23 20:02:31 Line: 54, C:\xampp\htdocs\api-subiekt-gt\public\api\index.php: Nieprawid這we wywo豉nie API. Brak metody: add
2021-02-23 20:02:42 Line: 54, C:\xampp\htdocs\api-subiekt-gt\public\api\index.php: Nieprawid這we wywo豉nie API. Brak metody: add
2021-02-23 20:03:30 Line: 53, C:\xampp\htdocs\api-subiekt-gt\public\api\index.php: Nieprawid這we wywo豉nie API. Brak metody: add
