2021-02-17 08:35:10 Line: 109, C:\xampp\htdocs\subiekt\api-subiekt-gt\src\apisubiektgt\subiektgt\product.php: Error [0x8002000e] Nieprawid?owa liczba parametr?w.
2021-02-17 08:36:57 Line: 109, C:\xampp\htdocs\subiekt\api-subiekt-gt\src\apisubiektgt\subiektgt\product.php: Error [0x8002000e] Nieprawid?owa liczba parametr?w.
2021-02-17 08:37:20 Line: 109, C:\xampp\htdocs\subiekt\api-subiekt-gt\src\apisubiektgt\subiektgt\product.php: Error [0x8002000e] Nieprawid?owa liczba parametr?w.
2021-02-17 08:37:32 Line: 109, C:\xampp\htdocs\subiekt\api-subiekt-gt\src\apisubiektgt\subiektgt\product.php: Error [0x8002000e] Nieprawid?owa liczba parametr?w.
2021-02-17 08:37:47 Line: 109, C:\xampp\htdocs\subiekt\api-subiekt-gt\src\apisubiektgt\subiektgt\product.php: Error [0x8002000e] Nieprawid?owa liczba parametr?w.
2021-02-17 09:03:09 Line: 109, C:\xampp\htdocs\subiekt\api-subiekt-gt\src\apisubiektgt\subiektgt\product.php: Error [0x8002000e] Nieprawid?owa liczba parametr?w.
2021-02-17 09:03:15 Line: 109, C:\xampp\htdocs\subiekt\api-subiekt-gt\src\apisubiektgt\subiektgt\product.php: Error [0x8002000e] Nieprawid?owa liczba parametr?w.
2021-02-17 09:04:04 Line: 109, C:\xampp\htdocs\subiekt\api-subiekt-gt\src\apisubiektgt\subiektgt\product.php: Error [0x8002000e] Nieprawid?owa liczba parametr?w.
2021-02-17 09:04:09 Line: 109, C:\xampp\htdocs\subiekt\api-subiekt-gt\src\apisubiektgt\subiektgt\product.php: Error [0x8002000e] Nieprawid?owa liczba parametr?w.
2021-02-17 09:05:40 Line: 109, C:\xampp\htdocs\subiekt\api-subiekt-gt\src\apisubiektgt\subiektgt\product.php: Error [0x8002000e] Nieprawid?owa liczba parametr?w.
2021-02-17 09:05:45 Line: 109, C:\xampp\htdocs\subiekt\api-subiekt-gt\src\apisubiektgt\subiektgt\product.php: Error [0x8002000e] Nieprawid?owa liczba parametr?w.
2021-02-17 09:06:12 Line: 136, C:\xampp\htdocs\subiekt\api-subiekt-gt\src\apisubiektgt\subiektgt\product.php: <b>Source:</b> InsERT.GT.1<br/><b>Description:</b> Warto?? musi by? unikalna.
2021-02-17 09:06:22 Line: 109, C:\xampp\htdocs\subiekt\api-subiekt-gt\src\apisubiektgt\subiektgt\product.php: Unable to lookup `gtaTowarRodzajUsluga': Nieznana nazwa.
2021-02-17 09:07:59 Line: 109, C:\xampp\htdocs\subiekt\api-subiekt-gt\src\apisubiektgt\subiektgt\product.php: Error [0x8002000e] Nieprawid?owa liczba parametr?w.
2021-02-17 09:08:04 Line: 109, C:\xampp\htdocs\subiekt\api-subiekt-gt\src\apisubiektgt\subiektgt\product.php: Error [0x8002000e] Nieprawid?owa liczba parametr?w.
2021-02-17 09:08:06 Line: 109, C:\xampp\htdocs\subiekt\api-subiekt-gt\src\apisubiektgt\subiektgt\product.php: Error [0x8002000e] Nieprawid?owa liczba parametr?w.
2021-02-17 09:08:07 Line: 109, C:\xampp\htdocs\subiekt\api-subiekt-gt\src\apisubiektgt\subiektgt\product.php: Error [0x8002000e] Nieprawid?owa liczba parametr?w.
2021-02-17 09:08:10 Line: 109, C:\xampp\htdocs\subiekt\api-subiekt-gt\src\apisubiektgt\subiektgt\product.php: Error [0x8002000e] Nieprawid?owa liczba parametr?w.
2021-02-17 09:08:13 Line: 109, C:\xampp\htdocs\subiekt\api-subiekt-gt\src\apisubiektgt\subiektgt\product.php: Error [0x8002000e] Nieprawid?owa liczba parametr?w.
2021-02-17 09:08:29 Line: 109, C:\xampp\htdocs\subiekt\api-subiekt-gt\src\apisubiektgt\subiektgt\product.php: Error [0x8002000e] Nieprawid?owa liczba parametr?w.
2021-02-17 09:08:32 Line: 109, C:\xampp\htdocs\subiekt\api-subiekt-gt\src\apisubiektgt\subiektgt\product.php: Error [0x8002000e] Nieprawid?owa liczba parametr?w.
2021-02-17 09:08:48 Line: 109, C:\xampp\htdocs\subiekt\api-subiekt-gt\src\apisubiektgt\subiektgt\product.php: Error [0x8002000e] Nieprawid?owa liczba parametr?w.
2021-02-17 09:10:19 Line: 109, C:\xampp\htdocs\subiekt\api-subiekt-gt\src\apisubiektgt\subiektgt\product.php: Error [0x8002000e] Nieprawid?owa liczba parametr?w.
2021-02-17 09:10:31 Line: 136, C:\xampp\htdocs\subiekt\api-subiekt-gt\src\apisubiektgt\subiektgt\product.php: <b>Source:</b> InsERT.GT.1<br/><b>Description:</b> Warto?? musi by? unikalna.
2021-02-17 09:10:50 Line: 109, C:\xampp\htdocs\subiekt\api-subiekt-gt\src\apisubiektgt\subiektgt\product.php: Error [0x8002000e] Nieprawid?owa liczba parametr?w.
2021-02-17 09:10:57 Line: 109, C:\xampp\htdocs\subiekt\api-subiekt-gt\src\apisubiektgt\subiektgt\product.php: Error [0x8002000e] Nieprawid?owa liczba parametr?w.
2021-02-17 09:11:16 Line: 136, C:\xampp\htdocs\subiekt\api-subiekt-gt\src\apisubiektgt\subiektgt\product.php: <b>Source:</b> InsERT.GT.1<br/><b>Description:</b> Warto?? musi by? unikalna.
2021-02-17 09:13:13 Line: 136, C:\xampp\htdocs\subiekt\api-subiekt-gt\src\apisubiektgt\subiektgt\product.php: <b>Source:</b> InsERT.GT.1<br/><b>Description:</b> Warto?? musi by? unikalna.
2021-02-17 09:13:17 Line: 136, C:\xampp\htdocs\subiekt\api-subiekt-gt\src\apisubiektgt\subiektgt\product.php: <b>Source:</b> InsERT.GT.1<br/><b>Description:</b> Warto?? musi by? unikalna.
2021-02-17 09:13:33 Line: 136, C:\xampp\htdocs\subiekt\api-subiekt-gt\src\apisubiektgt\subiektgt\product.php: <b>Source:</b> InsERT.GT.1<br/><b>Description:</b> Warto?? musi by? unikalna.
2021-02-17 09:21:22 Line: 109, C:\xampp\htdocs\subiekt\api-subiekt-gt\src\apisubiektgt\subiektgt\product.php: Error [0x8002000e] Nieprawid?owa liczba parametr?w.
2021-02-17 09:21:35 Line: 109, C:\xampp\htdocs\subiekt\api-subiekt-gt\src\apisubiektgt\subiektgt\product.php: Error [0x8002000e] Nieprawid?owa liczba parametr?w.
2021-02-17 09:22:35 Line: 109, C:\xampp\htdocs\subiekt\api-subiekt-gt\src\apisubiektgt\subiektgt\product.php: Error [0x8002000e] Nieprawid?owa liczba parametr?w.
2021-02-17 09:22:38 Line: 109, C:\xampp\htdocs\subiekt\api-subiekt-gt\src\apisubiektgt\subiektgt\product.php: Error [0x8002000e] Nieprawid?owa liczba parametr?w.
2021-02-17 09:26:16 Line: 109, C:\xampp\htdocs\subiekt\api-subiekt-gt\src\apisubiektgt\subiektgt\product.php: Error [0x8002000e] Nieprawid?owa liczba parametr?w.
2021-02-17 09:26:26 Line: 109, C:\xampp\htdocs\subiekt\api-subiekt-gt\src\apisubiektgt\subiektgt\product.php: Error [0x8002000e] Nieprawid?owa liczba parametr?w.
2021-02-17 09:26:46 Line: 109, C:\xampp\htdocs\subiekt\api-subiekt-gt\src\apisubiektgt\subiektgt\product.php: Error [0x8002000e] Nieprawid?owa liczba parametr?w.
2021-02-17 09:27:01 Line: 109, C:\xampp\htdocs\subiekt\api-subiekt-gt\src\apisubiektgt\subiektgt\product.php: Error [0x8002000e] Nieprawid?owa liczba parametr?w.
2021-02-17 09:52:15 Line: 136, C:\xampp\htdocs\subiekt\api-subiekt-gt\src\apisubiektgt\subiektgt\product.php: <b>Source:</b> InsERT.GT.1<br/><b>Description:</b> Warto?? musi by? unikalna.
2021-02-17 09:53:37 Line: 136, C:\xampp\htdocs\subiekt\api-subiekt-gt\src\apisubiektgt\subiektgt\product.php: <b>Source:</b> InsERT.GT.1<br/><b>Description:</b> Warto?? musi by? unikalna.
2021-02-17 10:38:45 Line: 136, C:\xampp\htdocs\subiekt\api-subiekt-gt\src\apisubiektgt\subiektgt\product.php: <b>Source:</b> InsERT.GT.1<br/><b>Description:</b> Warto?? musi by? unikalna.
2021-02-17 10:42:38 Line: 136, C:\xampp\htdocs\subiekt\api-subiekt-gt\src\apisubiektgt\subiektgt\product.php: <b>Source:</b> InsERT.GT.1<br/><b>Description:</b> Warto?? musi by? unikalna.
2021-02-17 10:43:24 Line: 136, C:\xampp\htdocs\subiekt\api-subiekt-gt\src\apisubiektgt\subiektgt\product.php: <b>Source:</b> InsERT.GT.1<br/><b>Description:</b> Warto?? musi by? unikalna.
2021-02-17 10:43:42 Line: 136, C:\xampp\htdocs\subiekt\api-subiekt-gt\src\apisubiektgt\subiektgt\product.php: <b>Source:</b> InsERT.GT.1<br/><b>Description:</b> Warto?? musi by? unikalna.
2021-02-17 10:44:14 Line: 136, C:\xampp\htdocs\subiekt\api-subiekt-gt\src\apisubiektgt\subiektgt\product.php: <b>Source:</b> InsERT.GT.1<br/><b>Description:</b> Warto?? musi by? unikalna.
2021-02-17 10:44:23 Line: 136, C:\xampp\htdocs\subiekt\api-subiekt-gt\src\apisubiektgt\subiektgt\product.php: <b>Source:</b> InsERT.GT.1<br/><b>Description:</b> Warto?? musi by? unikalna.
2021-02-17 10:45:04 Line: 136, C:\xampp\htdocs\subiekt\api-subiekt-gt\src\apisubiektgt\subiektgt\product.php: <b>Source:</b> InsERT.GT.1<br/><b>Description:</b> Warto?? musi by? unikalna.
2021-02-17 10:46:36 Line: 136, C:\xampp\htdocs\subiekt\api-subiekt-gt\src\apisubiektgt\subiektgt\product.php: <b>Source:</b> InsERT.GT.1<br/><b>Description:</b> Warto?? musi by? unikalna.
2021-02-17 10:47:11 Line: 136, C:\xampp\htdocs\subiekt\api-subiekt-gt\src\apisubiektgt\subiektgt\product.php: <b>Source:</b> InsERT.GT.1<br/><b>Description:</b> Warto?? musi by? unikalna.
2021-02-17 10:48:38 Line: 136, C:\xampp\htdocs\subiekt\api-subiekt-gt\src\apisubiektgt\subiektgt\product.php: <b>Source:</b> InsERT.GT.1<br/><b>Description:</b> Warto?? musi by? unikalna.
2021-02-17 10:49:07 Line: 136, C:\xampp\htdocs\subiekt\api-subiekt-gt\src\apisubiektgt\subiektgt\product.php: <b>Source:</b> InsERT.GT.1<br/><b>Description:</b> Warto?? musi by? unikalna.
2021-02-17 10:49:21 Line: 136, C:\xampp\htdocs\subiekt\api-subiekt-gt\src\apisubiektgt\subiektgt\product.php: <b>Source:</b> InsERT.GT.1<br/><b>Description:</b> Warto?? musi by? unikalna.
2021-02-17 10:49:36 Line: 136, C:\xampp\htdocs\subiekt\api-subiekt-gt\src\apisubiektgt\subiektgt\product.php: <b>Source:</b> InsERT.GT.1<br/><b>Description:</b> Warto?? musi by? unikalna.
2021-02-17 10:49:57 Line: 136, C:\xampp\htdocs\subiekt\api-subiekt-gt\src\apisubiektgt\subiektgt\product.php: <b>Source:</b> InsERT.GT.1<br/><b>Description:</b> Warto?? musi by? unikalna.
2021-02-17 10:50:12 Line: 136, C:\xampp\htdocs\subiekt\api-subiekt-gt\src\apisubiektgt\subiektgt\product.php: <b>Source:</b> InsERT.GT.1<br/><b>Description:</b> Warto?? musi by? unikalna.
2021-02-17 10:50:33 Line: 136, C:\xampp\htdocs\subiekt\api-subiekt-gt\src\apisubiektgt\subiektgt\product.php: <b>Source:</b> InsERT.GT.1<br/><b>Description:</b> Warto?? musi by? unikalna.
2021-02-17 10:50:44 Line: 136, C:\xampp\htdocs\subiekt\api-subiekt-gt\src\apisubiektgt\subiektgt\product.php: <b>Source:</b> InsERT.GT.1<br/><b>Description:</b> Warto?? musi by? unikalna.
2021-02-17 10:50:48 Line: 136, C:\xampp\htdocs\subiekt\api-subiekt-gt\src\apisubiektgt\subiektgt\product.php: <b>Source:</b> InsERT.GT.1<br/><b>Description:</b> Warto?? musi by? unikalna.
2021-02-17 10:50:49 Line: 136, C:\xampp\htdocs\subiekt\api-subiekt-gt\src\apisubiektgt\subiektgt\product.php: <b>Source:</b> InsERT.GT.1<br/><b>Description:</b> Warto?? musi by? unikalna.
2021-02-17 10:50:50 Line: 136, C:\xampp\htdocs\subiekt\api-subiekt-gt\src\apisubiektgt\subiektgt\product.php: <b>Source:</b> InsERT.GT.1<br/><b>Description:</b> Warto?? musi by? unikalna.
2021-02-17 10:51:04 Line: 136, C:\xampp\htdocs\subiekt\api-subiekt-gt\src\apisubiektgt\subiektgt\product.php: <b>Source:</b> InsERT.GT.1<br/><b>Description:</b> Warto?? musi by? unikalna.
2021-02-17 10:51:19 Line: 136, C:\xampp\htdocs\subiekt\api-subiekt-gt\src\apisubiektgt\subiektgt\product.php: <b>Source:</b> InsERT.GT.1<br/><b>Description:</b> Warto?? musi by? unikalna.
2021-02-17 10:51:51 Line: 136, C:\xampp\htdocs\subiekt\api-subiekt-gt\src\apisubiektgt\subiektgt\product.php: <b>Source:</b> InsERT.GT.1<br/><b>Description:</b> Warto?? musi by? unikalna.
2021-02-17 10:53:58 Line: 136, C:\xampp\htdocs\subiekt\api-subiekt-gt\src\apisubiektgt\subiektgt\product.php: <b>Source:</b> InsERT.GT.1<br/><b>Description:</b> Warto?? musi by? unikalna.
2021-02-17 10:54:48 Line: 136, C:\xampp\htdocs\subiekt\api-subiekt-gt\src\apisubiektgt\subiektgt\product.php: <b>Source:</b> InsERT.GT.1<br/><b>Description:</b> Warto?? musi by? unikalna.
2021-02-17 10:55:47 Line: 136, C:\xampp\htdocs\subiekt\api-subiekt-gt\src\apisubiektgt\subiektgt\product.php: <b>Source:</b> InsERT.GT.1<br/><b>Description:</b> Warto?? musi by? unikalna.
2021-02-17 10:56:03 Line: 136, C:\xampp\htdocs\subiekt\api-subiekt-gt\src\apisubiektgt\subiektgt\product.php: <b>Source:</b> InsERT.GT.1<br/><b>Description:</b> Warto?? musi by? unikalna.
2021-02-17 10:56:10 Line: 136, C:\xampp\htdocs\subiekt\api-subiekt-gt\src\apisubiektgt\subiektgt\product.php: <b>Source:</b> InsERT.GT.1<br/><b>Description:</b> Warto?? musi by? unikalna.
2021-02-17 10:57:14 Line: 136, C:\xampp\htdocs\subiekt\api-subiekt-gt\src\apisubiektgt\subiektgt\product.php: <b>Source:</b> InsERT.GT.1<br/><b>Description:</b> Warto?? musi by? unikalna.
2021-02-17 10:59:04 Line: 136, C:\xampp\htdocs\subiekt\api-subiekt-gt\src\apisubiektgt\subiektgt\product.php: <b>Source:</b> InsERT.GT.1<br/><b>Description:</b> Warto?? musi by? unikalna.
2021-02-17 11:01:23 Line: 136, C:\xampp\htdocs\subiekt\api-subiekt-gt\src\apisubiektgt\subiektgt\product.php: <b>Source:</b> InsERT.GT.1<br/><b>Description:</b> Warto?? musi by? unikalna.
2021-02-17 11:01:34 Line: 136, C:\xampp\htdocs\subiekt\api-subiekt-gt\src\apisubiektgt\subiektgt\product.php: <b>Source:</b> InsERT.GT.1<br/><b>Description:</b> Warto?? musi by? unikalna.
2021-02-17 11:04:44 Line: 136, C:\xampp\htdocs\subiekt\api-subiekt-gt\src\apisubiektgt\subiektgt\product.php: <b>Source:</b> InsERT.GT.1<br/><b>Description:</b> Warto?? musi by? unikalna.
2021-02-17 11:04:54 Line: 136, C:\xampp\htdocs\subiekt\api-subiekt-gt\src\apisubiektgt\subiektgt\product.php: <b>Source:</b> InsERT.GT.1<br/><b>Description:</b> Warto?? musi by? unikalna.
2021-02-17 11:05:18 Line: 136, C:\xampp\htdocs\subiekt\api-subiekt-gt\src\apisubiektgt\subiektgt\product.php: <b>Source:</b> InsERT.GT.1<br/><b>Description:</b> Warto?? musi by? unikalna.
2021-02-17 11:05:59 Line: 136, C:\xampp\htdocs\subiekt\api-subiekt-gt\src\apisubiektgt\subiektgt\product.php: <b>Source:</b> InsERT.GT.1<br/><b>Description:</b> Warto?? musi by? unikalna.
2021-02-17 11:08:12 Line: 136, C:\xampp\htdocs\subiekt\api-subiekt-gt\src\apisubiektgt\subiektgt\product.php: <b>Source:</b> InsERT.GT.1<br/><b>Description:</b> Warto?? musi by? unikalna.
2021-02-17 11:08:20 Line: 136, C:\xampp\htdocs\subiekt\api-subiekt-gt\src\apisubiektgt\subiektgt\product.php: <b>Source:</b> InsERT.GT.1<br/><b>Description:</b> Warto?? musi by? unikalna.
2021-02-17 11:08:23 Line: 136, C:\xampp\htdocs\subiekt\api-subiekt-gt\src\apisubiektgt\subiektgt\product.php: <b>Source:</b> InsERT.GT.1<br/><b>Description:</b> Warto?? musi by? unikalna.
2021-02-17 11:09:06 Line: 136, C:\xampp\htdocs\subiekt\api-subiekt-gt\src\apisubiektgt\subiektgt\product.php: <b>Source:</b> InsERT.GT.1<br/><b>Description:</b> Warto?? musi by? unikalna.
2021-02-17 11:19:55 Line: 31, C:\xampp\htdocs\subiekt\api-subiekt-gt\public\api\index.php: JSON read: Syntax error
2021-02-17 11:20:09 Line: 31, C:\xampp\htdocs\subiekt\api-subiekt-gt\public\api\index.php: JSON read: Syntax error
2021-02-17 11:21:02 Line: 136, C:\xampp\htdocs\subiekt\api-subiekt-gt\src\apisubiektgt\subiektgt\product.php: <b>Source:</b> InsERT.GT.1<br/><b>Description:</b> Warto?? musi by? unikalna.
2021-02-17 11:24:32 Line: 136, C:\xampp\htdocs\subiekt\api-subiekt-gt\src\apisubiektgt\subiektgt\product.php: <b>Source:</b> InsERT.GT.1<br/><b>Description:</b> Warto?? musi by? unikalna.
2021-02-17 11:26:46 Line: 136, C:\xampp\htdocs\subiekt\api-subiekt-gt\src\apisubiektgt\subiektgt\product.php: <b>Source:</b> InsERT.GT.1<br/><b>Description:</b> Warto?? musi by? unikalna.
2021-02-17 12:40:02 Line: 139, C:\xampp\htdocs\subiekt\api-subiekt-gt\src\apisubiektgt\subiektgt\product.php: <b>Source:</b> InsERT.GT.1<br/><b>Description:</b> Warto?? musi by? unikalna.
2021-02-17 12:42:42 Line: 139, C:\xampp\htdocs\subiekt\api-subiekt-gt\src\apisubiektgt\subiektgt\product.php: <b>Source:</b> InsERT.GT.1<br/><b>Description:</b> Warto?? musi by? unikalna.
2021-02-17 12:43:00 Line: 139, C:\xampp\htdocs\subiekt\api-subiekt-gt\src\apisubiektgt\subiektgt\product.php: <b>Source:</b> InsERT.GT.1<br/><b>Description:</b> Warto?? musi by? unikalna.
2021-02-17 12:43:20 Line: 139, C:\xampp\htdocs\subiekt\api-subiekt-gt\src\apisubiektgt\subiektgt\product.php: <b>Source:</b> InsERT.GT.1<br/><b>Description:</b> Warto?? musi by? unikalna.
2021-02-17 14:13:46 Line: 72, C:\xampp\htdocs\subiekt\api-subiekt-gt\src\apisubiektgt\subiektgt\product.php: Error [0x8002000e] Nieprawid?owa liczba parametr?w.
2021-02-17 14:33:07 Line: 140, C:\xampp\htdocs\subiekt\api-subiekt-gt\src\apisubiektgt\subiektgt\product.php: <b>Source:</b> InsERT.GT.1<br/><b>Description:</b> Warto?? musi by? unikalna.
2021-02-17 14:33:21 Line: 140, C:\xampp\htdocs\subiekt\api-subiekt-gt\src\apisubiektgt\subiektgt\product.php: <b>Source:</b> InsERT.GT.1<br/><b>Description:</b> Warto?? musi by? unikalna.
2021-02-17 14:33:41 Line: 140, C:\xampp\htdocs\subiekt\api-subiekt-gt\src\apisubiektgt\subiektgt\product.php: <b>Source:</b> InsERT.GT.1<br/><b>Description:</b> Warto?? musi by? unikalna.
2021-02-17 14:37:40 Line: 34, C:\xampp\htdocs\subiekt\api-subiekt-gt\public\api\index.php: Brak danych w ¿¹daniu!
2021-02-17 14:38:04 Line: 34, C:\xampp\htdocs\subiekt\api-subiekt-gt\public\api\index.php: Brak danych w ¿¹daniu!
2021-02-17 14:38:05 Line: 34, C:\xampp\htdocs\subiekt\api-subiekt-gt\public\api\index.php: Brak danych w ¿¹daniu!
2021-02-17 14:49:27 Line: 140, C:\xampp\htdocs\subiekt\api-subiekt-gt\src\apisubiektgt\subiektgt\product.php: <b>Source:</b> InsERT.GT.1<br/><b>Description:</b> Warto?? musi by? unikalna.
2021-02-17 14:53:55 Line: 31, C:\xampp\htdocs\subiekt\api-subiekt-gt\public\api\index.php: JSON read: Syntax error
2021-02-17 14:54:06 Line: 31, C:\xampp\htdocs\subiekt\api-subiekt-gt\public\api\index.php: JSON read: Syntax error
2021-02-17 15:11:14 Line: 68, C:\xampp\htdocs\subiekt\api-subiekt-gt\src\apisubiektgt\subiektgt\product.php: <b>Source:</b> Subiekt.Towar.1<br/><b>Description:</b> Nie mo?na zablokowa? obiektu. Obiekt zosta? zablokowany przez operatora Szef na stacji PAWEL.
2021-02-17 15:14:17 Line: 140, C:\xampp\htdocs\subiekt\api-subiekt-gt\src\apisubiektgt\subiektgt\product.php: <b>Source:</b> InsERT.GT.1<br/><b>Description:</b> Warto?? musi by? unikalna.
2021-02-17 15:14:22 Line: 140, C:\xampp\htdocs\subiekt\api-subiekt-gt\src\apisubiektgt\subiektgt\product.php: <b>Source:</b> InsERT.GT.1<br/><b>Description:</b> Warto?? musi by? unikalna.
2021-02-17 15:14:48 Line: 140, C:\xampp\htdocs\subiekt\api-subiekt-gt\src\apisubiektgt\subiektgt\product.php: <b>Source:</b> InsERT.GT.1<br/><b>Description:</b> Warto?? musi by? unikalna.
2021-02-17 15:14:54 Line: 140, C:\xampp\htdocs\subiekt\api-subiekt-gt\src\apisubiektgt\subiektgt\product.php: <b>Source:</b> InsERT.GT.1<br/><b>Description:</b> Warto?? musi by? unikalna.
2021-02-17 15:15:13 Line: 140, C:\xampp\htdocs\subiekt\api-subiekt-gt\src\apisubiektgt\subiektgt\product.php: <b>Source:</b> InsERT.GT.1<br/><b>Description:</b> Warto?? musi by? unikalna.
2021-02-17 15:15:48 Line: 140, C:\xampp\htdocs\subiekt\api-subiekt-gt\src\apisubiektgt\subiektgt\product.php: <b>Source:</b> InsERT.GT.1<br/><b>Description:</b> Warto?? musi by? unikalna.
2021-02-17 15:16:02 Line: 140, C:\xampp\htdocs\subiekt\api-subiekt-gt\src\apisubiektgt\subiektgt\product.php: <b>Source:</b> InsERT.GT.1<br/><b>Description:</b> Warto?? musi by? unikalna.
2021-02-17 15:16:15 Line: 140, C:\xampp\htdocs\subiekt\api-subiekt-gt\src\apisubiektgt\subiektgt\product.php: <b>Source:</b> InsERT.GT.1<br/><b>Description:</b> Warto?? musi by? unikalna.
2021-02-17 15:20:18 Line: 140, C:\xampp\htdocs\subiekt\api-subiekt-gt\src\apisubiektgt\subiektgt\product.php: <b>Source:</b> InsERT.GT.1<br/><b>Description:</b> Warto?? musi by? unikalna.
2021-02-17 15:48:59 Line: 140, C:\xampp\htdocs\subiekt\api-subiekt-gt\src\apisubiektgt\subiektgt\product.php: <b>Source:</b> InsERT.GT.1<br/><b>Description:</b> Warto?? musi by? unikalna.
