2021-02-25 01:06:58 Line: 144, C:\xampp\htdocs\api-subiekt-gt\src\apisubiektgt\subiektgt\product.php: <b>Source:</b> Unknown<br/><b>Description:</b> Unknown
2021-02-25 01:07:52 Line: 144, C:\xampp\htdocs\api-subiekt-gt\src\apisubiektgt\subiektgt\product.php: <b>Source:</b> Unknown<br/><b>Description:</b> Unknown
2021-02-25 01:07:52 Line: 144, C:\xampp\htdocs\api-subiekt-gt\src\apisubiektgt\subiektgt\product.php: <b>Source:</b> Unknown<br/><b>Description:</b> Unknown
2021-02-25 01:08:17 Line: 144, C:\xampp\htdocs\api-subiekt-gt\src\apisubiektgt\subiektgt\product.php: <b>Source:</b> Unknown<br/><b>Description:</b> Unknown
2021-02-25 01:08:17 Line: 144, C:\xampp\htdocs\api-subiekt-gt\src\apisubiektgt\subiektgt\product.php: <b>Source:</b> Unknown<br/><b>Description:</b> Unknown
2021-02-25 01:10:13 Line: 144, C:\xampp\htdocs\api-subiekt-gt\src\apisubiektgt\subiektgt\product.php: <b>Source:</b> Unknown<br/><b>Description:</b> Unknown
2021-02-25 01:16:44 Line: 144, C:\xampp\htdocs\api-subiekt-gt\src\apisubiektgt\subiektgt\product.php: <b>Source:</b> Unknown<br/><b>Description:</b> Unknown
2021-02-25 01:16:44 Line: 144, C:\xampp\htdocs\api-subiekt-gt\src\apisubiektgt\subiektgt\product.php: <b>Source:</b> Unknown<br/><b>Description:</b> Unknown
2021-02-25 08:34:23 Line: 146, C:\xampp\htdocs\api-subiekt-gt\src\apisubiektgt\subiektgt\order.php: <b>Source:</b> Subiekt.FS.1<br/><b>Description:</b> Nie mo?na zapisa? dokumentu.
2021-02-25 08:34:56 Line: 144, C:\xampp\htdocs\api-subiekt-gt\src\apisubiektgt\subiektgt\product.php: <b>Source:</b> Unknown<br/><b>Description:</b> Unknown
2021-02-25 08:35:15 Line: 144, C:\xampp\htdocs\api-subiekt-gt\src\apisubiektgt\subiektgt\product.php: <b>Source:</b> Unknown<br/><b>Description:</b> Unknown
2021-02-25 08:35:30 Line: 144, C:\xampp\htdocs\api-subiekt-gt\src\apisubiektgt\subiektgt\product.php: <b>Source:</b> Unknown<br/><b>Description:</b> Unknown
2021-02-25 08:35:48 Line: 79, C:\xampp\htdocs\api-subiekt-gt\src\apisubiektgt\subiektgt\customer.php: <b>Source:</b> Unknown<br/><b>Description:</b> Unknown
2021-02-25 08:48:33 Line: 144, C:\xampp\htdocs\api-subiekt-gt\src\apisubiektgt\subiektgt\product.php: <b>Source:</b> Unknown<br/><b>Description:</b> Unknown
2021-02-25 08:48:37 Line: 31, C:\xampp\htdocs\api-subiekt-gt\public\api\index.php: JSON read: Syntax error
2021-02-25 08:58:32 Line: 31, C:\xampp\htdocs\api-subiekt-gt\public\api\index.php: JSON read: Syntax error
2021-02-25 09:04:05 Line: 144, C:\xampp\htdocs\api-subiekt-gt\src\apisubiektgt\subiektgt\product.php: <b>Source:</b> Unknown<br/><b>Description:</b> Unknown
2021-02-25 09:04:05 Line: 144, C:\xampp\htdocs\api-subiekt-gt\src\apisubiektgt\subiektgt\product.php: <b>Source:</b> Unknown<br/><b>Description:</b> Unknown
2021-02-25 09:05:46 Line: 251, C:\xampp\htdocs\api-subiekt-gt\src\apisubiektgt\subiektgt\product.php: <b>Source:</b> Subiekt.Towar.1<br/><b>Description:</b> B??d zapisu do bazy danych. Zapis spowodowa?by naruszenie integralno?ci danych.
Wi?cej informacji na ten temat w pomocy, w rozdziale "Problemy techniczne".
2021-02-25 09:11:27 Line: 49, C:\xampp\htdocs\api-subiekt-gt\src\apisubiektgt\subiektgt\product.php: <b>Source:</b> Subiekt.Towar.1<br/><b>Description:</b> Nie mo?na zablokowa? obiektu. Obiekt zosta? zablokowany przez operatora Szef na stacji DRTUSZ-BIURO.
2021-02-25 09:26:21 Line: 31, C:\xampp\htdocs\api-subiekt-gt\public\api\index.php: JSON read: Syntax error
2021-02-25 09:26:21 Line: 31, C:\xampp\htdocs\api-subiekt-gt\public\api\index.php: JSON read: Syntax error
2021-02-25 09:26:47 Line: 246, C:\xampp\htdocs\api-subiekt-gt\src\apisubiektgt\subiektgt\product.php: <b>Source:</b> Subiekt.Towar.1<br/><b>Description:</b> B??d zapisu do bazy danych. Zapis spowodowa?by naruszenie integralno?ci danych.
Wi?cej informacji na ten temat w pomocy, w rozdziale "Problemy techniczne".
2021-02-25 09:27:29 Line: 31, C:\xampp\htdocs\api-subiekt-gt\public\api\index.php: JSON read: Syntax error
2021-02-25 09:27:29 Line: 31, C:\xampp\htdocs\api-subiekt-gt\public\api\index.php: JSON read: Syntax error
2021-02-25 09:27:41 Line: 102, C:\xampp\htdocs\api-subiekt-gt\src\apisubiektgt\subiektgt\product.php: <b>Source:</b> Unknown<br/><b>Description:</b> Unknown
2021-02-25 09:27:41 Line: 102, C:\xampp\htdocs\api-subiekt-gt\src\apisubiektgt\subiektgt\product.php: <b>Source:</b> Unknown<br/><b>Description:</b> Unknown
2021-02-25 09:28:38 Line: 31, C:\xampp\htdocs\api-subiekt-gt\public\api\index.php: JSON read: Syntax error
2021-02-25 09:28:38 Line: 31, C:\xampp\htdocs\api-subiekt-gt\public\api\index.php: JSON read: Syntax error
2021-02-25 09:33:34 Line: 247, C:\xampp\htdocs\api-subiekt-gt\src\apisubiektgt\subiektgt\product.php: <b>Source:</b> Subiekt.Towar.1<br/><b>Description:</b> B??d zapisu do bazy danych. Zapis spowodowa?by naruszenie integralno?ci danych.
Wi?cej informacji na ten temat w pomocy, w rozdziale "Problemy techniczne".
2021-02-25 09:36:31 Line: 146, C:\xampp\htdocs\api-subiekt-gt\src\apisubiektgt\subiektgt\order.php: <b>Source:</b> Subiekt.FS.1<br/><b>Description:</b> Nie mo?na zapisa? dokumentu.
2021-02-25 09:36:34 Line: 247, C:\xampp\htdocs\api-subiekt-gt\src\apisubiektgt\subiektgt\product.php: <b>Source:</b> Subiekt.Towar.1<br/><b>Description:</b> B??d zapisu do bazy danych. Zapis spowodowa?by naruszenie integralno?ci danych.
Wi?cej informacji na ten temat w pomocy, w rozdziale "Problemy techniczne".
2021-02-25 09:38:47 Line: 247, C:\xampp\htdocs\api-subiekt-gt\src\apisubiektgt\subiektgt\product.php: <b>Source:</b> Subiekt.Towar.1<br/><b>Description:</b> B??d zapisu do bazy danych. Zapis spowodowa?by naruszenie integralno?ci danych.
Wi?cej informacji na ten temat w pomocy, w rozdziale "Problemy techniczne".
2021-02-25 09:40:31 Line: 146, C:\xampp\htdocs\api-subiekt-gt\src\apisubiektgt\subiektgt\order.php: <b>Source:</b> Subiekt.PAi.1<br/><b>Description:</b> Nie mo?na zapisa? dokumentu.
2021-02-25 09:41:26 Line: 247, C:\xampp\htdocs\api-subiekt-gt\src\apisubiektgt\subiektgt\product.php: <b>Source:</b> Subiekt.Towar.1<br/><b>Description:</b> B??d zapisu do bazy danych. Zapis spowodowa?by naruszenie integralno?ci danych.
Wi?cej informacji na ten temat w pomocy, w rozdziale "Problemy techniczne".
2021-02-25 09:44:20 Line: 247, C:\xampp\htdocs\api-subiekt-gt\src\apisubiektgt\subiektgt\product.php: <b>Source:</b> Subiekt.Towar.1<br/><b>Description:</b> B??d zapisu do bazy danych. Zapis spowodowa?by naruszenie integralno?ci danych.
Wi?cej informacji na ten temat w pomocy, w rozdziale "Problemy techniczne".
2021-02-25 09:46:33 Line: 247, C:\xampp\htdocs\api-subiekt-gt\src\apisubiektgt\subiektgt\product.php: <b>Source:</b> Subiekt.Towar.1<br/><b>Description:</b> B??d zapisu do bazy danych. Zapis spowodowa?by naruszenie integralno?ci danych.
Wi?cej informacji na ten temat w pomocy, w rozdziale "Problemy techniczne".
2021-02-25 09:46:52 Line: 247, C:\xampp\htdocs\api-subiekt-gt\src\apisubiektgt\subiektgt\product.php: <b>Source:</b> Subiekt.Towar.1<br/><b>Description:</b> B??d zapisu do bazy danych. Zapis spowodowa?by naruszenie integralno?ci danych.
Wi?cej informacji na ten temat w pomocy, w rozdziale "Problemy techniczne".
2021-02-25 09:53:30 Line: 242, C:\xampp\htdocs\api-subiekt-gt\src\apisubiektgt\subiektgt\product.php: <b>Source:</b> Subiekt.Towar.1<br/><b>Description:</b> B??d zapisu do bazy danych. Zapis spowodowa?by naruszenie integralno?ci danych.
Wi?cej informacji na ten temat w pomocy, w rozdziale "Problemy techniczne".
2021-02-25 09:54:03 Line: 242, C:\xampp\htdocs\api-subiekt-gt\src\apisubiektgt\subiektgt\product.php: <b>Source:</b> Subiekt.Towar.1<br/><b>Description:</b> B??d zapisu do bazy danych. Zapis spowodowa?by naruszenie integralno?ci danych.
Wi?cej informacji na ten temat w pomocy, w rozdziale "Problemy techniczne".
2021-02-25 09:54:11 Line: 146, C:\xampp\htdocs\api-subiekt-gt\src\apisubiektgt\subiektgt\order.php: <b>Source:</b> Subiekt.PAi.1<br/><b>Description:</b> Nie mo?na zapisa? dokumentu.
2021-02-25 09:54:23 Line: 242, C:\xampp\htdocs\api-subiekt-gt\src\apisubiektgt\subiektgt\product.php: <b>Source:</b> Subiekt.Towar.1<br/><b>Description:</b> B??d zapisu do bazy danych. Zapis spowodowa?by naruszenie integralno?ci danych.
Wi?cej informacji na ten temat w pomocy, w rozdziale "Problemy techniczne".
2021-02-25 09:54:28 Line: 270, C:\xampp\htdocs\api-subiekt-gt\src\apisubiektgt\subiektgt\order.php: Nie odnaleziono towaru o podanym kodzie: newproduct
2021-02-25 09:54:32 Line: 242, C:\xampp\htdocs\api-subiekt-gt\src\apisubiektgt\subiektgt\product.php: <b>Source:</b> Subiekt.Towar.1<br/><b>Description:</b> B??d zapisu do bazy danych. Zapis spowodowa?by naruszenie integralno?ci danych.
Wi?cej informacji na ten temat w pomocy, w rozdziale "Problemy techniczne".
2021-02-25 09:56:36 Line: 270, C:\xampp\htdocs\api-subiekt-gt\src\apisubiektgt\subiektgt\order.php: Nie odnaleziono towaru o podanym kodzie: newproduct
2021-02-25 10:08:35 Line: 270, C:\xampp\htdocs\api-subiekt-gt\src\apisubiektgt\subiektgt\order.php: Nie odnaleziono towaru o podanym kodzie: newproduct
2021-02-25 11:35:55 Line: 125, C:\xampp\htdocs\api-subiekt-gt\src\apisubiektgt\subiektgt\order.php: Nie mo¿na utworzyæ dokumentu sprzeda¿y. Dokument: ZK 150/2021. <b>Source:</b> Unknown<br/><b>Description:</b> Unknown
2021-02-25 11:36:06 Line: 125, C:\xampp\htdocs\api-subiekt-gt\src\apisubiektgt\subiektgt\order.php: Nie mo¿na utworzyæ dokumentu sprzeda¿y. Dokument: ZK 150/2021. <b>Source:</b> Unknown<br/><b>Description:</b> Unknown
2021-02-25 11:38:54 Line: 149, C:\xampp\htdocs\api-subiekt-gt\src\apisubiektgt\subiektgt\order.php: <b>Source:</b> InsERT.GT.1<br/><b>Description:</b> Brak drukarki fiskalnej o podanym identyfikatorze.
2021-02-25 11:41:24 Line: 125, C:\xampp\htdocs\api-subiekt-gt\src\apisubiektgt\subiektgt\order.php: Nie mo¿na utworzyæ dokumentu sprzeda¿y. Dokument: ZK 151/2021. <b>Source:</b> InsERT.GT.1<br/><b>Description:</b> Zamówienie ZK 151/2021 zosta³o ju¿ zrealizowane.
Dokument PA 18/2021 zosta³ wystawiony na podstawie tego zamówienia.
2021-02-25 11:41:51 Line: 149, C:\xampp\htdocs\api-subiekt-gt\src\apisubiektgt\subiektgt\order.php: <b>Source:</b> InsERT.GT.1<br/><b>Description:</b> Brak drukarki fiskalnej o podanym identyfikatorze.
2021-02-25 11:43:22 Line: 125, C:\xampp\htdocs\api-subiekt-gt\src\apisubiektgt\subiektgt\order.php: Nie mo¿na utworzyæ dokumentu sprzeda¿y. Dokument: ZK 152/2021. <b>Source:</b> InsERT.GT.1<br/><b>Description:</b> Zamówienie ZK 152/2021 zosta³o ju¿ zrealizowane.
Dokument PA 19/2021 zosta³ wystawiony na podstawie tego zamówienia.
2021-02-25 15:19:58 Line: 54, C:\xampp\htdocs\api-subiekt-gt\src\apisubiektgt\subiektgt\product.php: <b>Source:</b> InsERT.GT.1<br/><b>Description:</b> Towar jest zablokowany, nie mo?na go edytowa?..
2021-02-25 15:28:12 Line: 55, C:\xampp\htdocs\api-subiekt-gt\src\apisubiektgt\subiektgt\product.php: <b>Source:</b> InsERT.GT.1<br/><b>Description:</b> Towar jest zablokowany, nie mo?na go edytowa?..
2021-02-25 15:28:28 Line: 55, C:\xampp\htdocs\api-subiekt-gt\src\apisubiektgt\subiektgt\product.php: <b>Source:</b> InsERT.GT.1<br/><b>Description:</b> Towar jest zablokowany, nie mo?na go edytowa?..
2021-02-25 15:29:07 Line: 55, C:\xampp\htdocs\api-subiekt-gt\src\apisubiektgt\subiektgt\product.php: <b>Source:</b> InsERT.GT.1<br/><b>Description:</b> Towar jest zablokowany, nie mo?na go edytowa?..
2021-02-25 15:29:08 Line: 55, C:\xampp\htdocs\api-subiekt-gt\src\apisubiektgt\subiektgt\product.php: <b>Source:</b> InsERT.GT.1<br/><b>Description:</b> Towar jest zablokowany, nie mo?na go edytowa?..
2021-02-25 15:38:25 Line: 55, C:\xampp\htdocs\api-subiekt-gt\src\apisubiektgt\subiektgt\product.php: <b>Source:</b> InsERT.GT.1<br/><b>Description:</b> Towar jest zablokowany, nie mo?na go edytowa?..
2021-02-25 15:38:33 Line: 55, C:\xampp\htdocs\api-subiekt-gt\src\apisubiektgt\subiektgt\product.php: <b>Source:</b> InsERT.GT.1<br/><b>Description:</b> Towar jest zablokowany, nie mo?na go edytowa?..
2021-02-25 15:38:38 Line: 55, C:\xampp\htdocs\api-subiekt-gt\src\apisubiektgt\subiektgt\product.php: <b>Source:</b> InsERT.GT.1<br/><b>Description:</b> Towar jest zablokowany, nie mo?na go edytowa?..
2021-02-25 15:38:55 Line: 55, C:\xampp\htdocs\api-subiekt-gt\src\apisubiektgt\subiektgt\product.php: <b>Source:</b> InsERT.GT.1<br/><b>Description:</b> Towar jest zablokowany, nie mo?na go edytowa?..
2021-02-25 15:39:11 Line: 55, C:\xampp\htdocs\api-subiekt-gt\src\apisubiektgt\subiektgt\product.php: <b>Source:</b> InsERT.GT.1<br/><b>Description:</b> Towar jest zablokowany, nie mo?na go edytowa?..
2021-02-25 15:42:30 Line: 55, C:\xampp\htdocs\api-subiekt-gt\src\apisubiektgt\subiektgt\product.php: <b>Source:</b> InsERT.GT.1<br/><b>Description:</b> Towar jest zablokowany, nie mo?na go edytowa?..
2021-02-25 15:43:27 Line: 55, C:\xampp\htdocs\api-subiekt-gt\src\apisubiektgt\subiektgt\product.php: <b>Source:</b> InsERT.GT.1<br/><b>Description:</b> Towar jest zablokowany, nie mo?na go edytowa?..
2021-02-25 15:43:38 Line: 249, C:\xampp\htdocs\api-subiekt-gt\src\apisubiektgt\subiektgt\product.php: <b>Source:</b> InsERT.GT.1<br/><b>Description:</b> Towar jest zablokowany, nie mo?na go edytowa?..
2021-02-25 15:43:51 Line: 249, C:\xampp\htdocs\api-subiekt-gt\src\apisubiektgt\subiektgt\product.php: <b>Source:</b> InsERT.GT.1<br/><b>Description:</b> Towar jest zablokowany, nie mo?na go edytowa?..
2021-02-25 15:44:13 Line: 55, C:\xampp\htdocs\api-subiekt-gt\src\apisubiektgt\subiektgt\product.php: <b>Source:</b> InsERT.GT.1<br/><b>Description:</b> Towar jest zablokowany, nie mo?na go edytowa?..
2021-02-25 15:44:59 Line: 55, C:\xampp\htdocs\api-subiekt-gt\src\apisubiektgt\subiektgt\product.php: <b>Source:</b> InsERT.GT.1<br/><b>Description:</b> Towar jest zablokowany, nie mo?na go edytowa?..
2021-02-25 15:45:12 Line: 55, C:\xampp\htdocs\api-subiekt-gt\src\apisubiektgt\subiektgt\product.php: <b>Source:</b> InsERT.GT.1<br/><b>Description:</b> Towar jest zablokowany, nie mo?na go edytowa?..
2021-02-25 15:45:50 Line: 55, C:\xampp\htdocs\api-subiekt-gt\src\apisubiektgt\subiektgt\product.php: <b>Source:</b> InsERT.GT.1<br/><b>Description:</b> Towar jest zablokowany, nie mo?na go edytowa?..
2021-02-25 15:47:56 Line: 55, C:\xampp\htdocs\api-subiekt-gt\src\apisubiektgt\subiektgt\product.php: <b>Source:</b> InsERT.GT.1<br/><b>Description:</b> Towar jest zablokowany, nie mo?na go edytowa?..
2021-02-25 15:48:57 Line: 55, C:\xampp\htdocs\api-subiekt-gt\src\apisubiektgt\subiektgt\product.php: <b>Source:</b> InsERT.GT.1<br/><b>Description:</b> Towar jest zablokowany, nie mo?na go edytowa?..
2021-02-25 15:51:10 Line: 55, C:\xampp\htdocs\api-subiekt-gt\src\apisubiektgt\subiektgt\product.php: <b>Source:</b> InsERT.GT.1<br/><b>Description:</b> Towar jest zablokowany, nie mo?na go edytowa?..
2021-02-25 15:51:22 Line: 55, C:\xampp\htdocs\api-subiekt-gt\src\apisubiektgt\subiektgt\product.php: <b>Source:</b> InsERT.GT.1<br/><b>Description:</b> Towar jest zablokowany, nie mo?na go edytowa?..
2021-02-25 15:51:31 Line: 55, C:\xampp\htdocs\api-subiekt-gt\src\apisubiektgt\subiektgt\product.php: <b>Source:</b> InsERT.GT.1<br/><b>Description:</b> Towar jest zablokowany, nie mo?na go edytowa?..
2021-02-25 15:51:54 Line: 54, C:\xampp\htdocs\api-subiekt-gt\src\apisubiektgt\subiektgt\product.php: <b>Source:</b> InsERT.GT.1<br/><b>Description:</b> Towar jest zablokowany, nie mo?na go edytowa?..
2021-02-25 15:51:56 Line: 54, C:\xampp\htdocs\api-subiekt-gt\src\apisubiektgt\subiektgt\product.php: <b>Source:</b> InsERT.GT.1<br/><b>Description:</b> Towar jest zablokowany, nie mo?na go edytowa?..
2021-02-25 15:51:59 Line: 55, C:\xampp\htdocs\api-subiekt-gt\src\apisubiektgt\subiektgt\product.php: <b>Source:</b> InsERT.GT.1<br/><b>Description:</b> Towar jest zablokowany, nie mo?na go edytowa?..
2021-02-25 15:52:08 Line: 55, C:\xampp\htdocs\api-subiekt-gt\src\apisubiektgt\subiektgt\product.php: <b>Source:</b> InsERT.GT.1<br/><b>Description:</b> Towar jest zablokowany, nie mo?na go edytowa?..
2021-02-25 15:52:09 Line: 55, C:\xampp\htdocs\api-subiekt-gt\src\apisubiektgt\subiektgt\product.php: <b>Source:</b> InsERT.GT.1<br/><b>Description:</b> Towar jest zablokowany, nie mo?na go edytowa?..
2021-02-25 15:52:52 Line: 51, C:\xampp\htdocs\api-subiekt-gt\src\apisubiektgt\subiektgt\product.php: <b>Source:</b> Unknown<br/><b>Description:</b> Unknown
2021-02-25 15:54:40 Line: 60, C:\xampp\htdocs\api-subiekt-gt\src\apisubiektgt\subiektgt\product.php: <b>Source:</b> InsERT.GT.1<br/><b>Description:</b> Towar jest zablokowany, nie mo?na go edytowa?..
2021-02-25 15:54:49 Line: 60, C:\xampp\htdocs\api-subiekt-gt\src\apisubiektgt\subiektgt\product.php: <b>Source:</b> InsERT.GT.1<br/><b>Description:</b> Towar jest zablokowany, nie mo?na go edytowa?..
2021-02-25 15:55:02 Line: 61, C:\xampp\htdocs\api-subiekt-gt\src\apisubiektgt\subiektgt\product.php: <b>Source:</b> InsERT.GT.1<br/><b>Description:</b> Towar jest zablokowany, nie mo?na go edytowa?..
2021-02-25 15:55:17 Line: 61, C:\xampp\htdocs\api-subiekt-gt\src\apisubiektgt\subiektgt\product.php: <b>Source:</b> InsERT.GT.1<br/><b>Description:</b> Towar jest zablokowany, nie mo?na go edytowa?..
2021-02-25 15:55:17 Line: 61, C:\xampp\htdocs\api-subiekt-gt\src\apisubiektgt\subiektgt\product.php: <b>Source:</b> InsERT.GT.1<br/><b>Description:</b> Towar jest zablokowany, nie mo?na go edytowa?..
2021-02-25 15:55:29 Line: 62, C:\xampp\htdocs\api-subiekt-gt\src\apisubiektgt\subiektgt\product.php: <b>Source:</b> InsERT.GT.1<br/><b>Description:</b> Towar jest zablokowany, nie mo?na go edytowa?..
2021-02-25 15:55:40 Line: 62, C:\xampp\htdocs\api-subiekt-gt\src\apisubiektgt\subiektgt\product.php: <b>Source:</b> InsERT.GT.1<br/><b>Description:</b> Towar jest zablokowany, nie mo?na go edytowa?..
2021-02-25 15:55:56 Line: 62, C:\xampp\htdocs\api-subiekt-gt\src\apisubiektgt\subiektgt\product.php: <b>Source:</b> InsERT.GT.1<br/><b>Description:</b> Towar jest zablokowany, nie mo?na go edytowa?..
2021-02-25 15:55:57 Line: 62, C:\xampp\htdocs\api-subiekt-gt\src\apisubiektgt\subiektgt\product.php: <b>Source:</b> InsERT.GT.1<br/><b>Description:</b> Towar jest zablokowany, nie mo?na go edytowa?..
2021-02-25 15:56:08 Line: 56, C:\xampp\htdocs\api-subiekt-gt\src\apisubiektgt\subiektgt\product.php: <b>Source:</b> InsERT.GT.1<br/><b>Description:</b> Towar jest zablokowany, nie mo?na go edytowa?..
2021-02-25 15:56:09 Line: 56, C:\xampp\htdocs\api-subiekt-gt\src\apisubiektgt\subiektgt\product.php: <b>Source:</b> InsERT.GT.1<br/><b>Description:</b> Towar jest zablokowany, nie mo?na go edytowa?..
2021-02-25 15:56:19 Line: 56, C:\xampp\htdocs\api-subiekt-gt\src\apisubiektgt\subiektgt\product.php: <b>Source:</b> InsERT.GT.1<br/><b>Description:</b> Towar jest zablokowany, nie mo?na go edytowa?..
2021-02-25 15:56:34 Line: 56, C:\xampp\htdocs\api-subiekt-gt\src\apisubiektgt\subiektgt\product.php: <b>Source:</b> InsERT.GT.1<br/><b>Description:</b> Towar jest zablokowany, nie mo?na go edytowa?..
2021-02-25 15:56:35 Line: 56, C:\xampp\htdocs\api-subiekt-gt\src\apisubiektgt\subiektgt\product.php: <b>Source:</b> InsERT.GT.1<br/><b>Description:</b> Towar jest zablokowany, nie mo?na go edytowa?..
2021-02-25 15:56:36 Line: 56, C:\xampp\htdocs\api-subiekt-gt\src\apisubiektgt\subiektgt\product.php: <b>Source:</b> InsERT.GT.1<br/><b>Description:</b> Towar jest zablokowany, nie mo?na go edytowa?..
2021-02-25 15:56:36 Line: 56, C:\xampp\htdocs\api-subiekt-gt\src\apisubiektgt\subiektgt\product.php: <b>Source:</b> InsERT.GT.1<br/><b>Description:</b> Towar jest zablokowany, nie mo?na go edytowa?..
2021-02-25 15:57:40 Line: 55, C:\xampp\htdocs\api-subiekt-gt\src\apisubiektgt\subiektgt\product.php: <b>Source:</b> InsERT.GT.1<br/><b>Description:</b> Towar jest zablokowany, nie mo?na go edytowa?..
2021-02-25 16:01:27 Line: 55, C:\xampp\htdocs\api-subiekt-gt\src\apisubiektgt\subiektgt\product.php: <b>Source:</b> InsERT.GT.1<br/><b>Description:</b> Towar jest zablokowany, nie mo?na go edytowa?..
2021-02-25 16:01:45 Line: 56, C:\xampp\htdocs\api-subiekt-gt\src\apisubiektgt\subiektgt\product.php: <b>Source:</b> InsERT.GT.1<br/><b>Description:</b> Towar jest zablokowany, nie mo?na go edytowa?..
2021-02-25 16:01:52 Line: 56, C:\xampp\htdocs\api-subiekt-gt\src\apisubiektgt\subiektgt\product.php: <b>Source:</b> InsERT.GT.1<br/><b>Description:</b> Towar jest zablokowany, nie mo?na go edytowa?..
2021-02-25 16:02:47 Line: 56, C:\xampp\htdocs\api-subiekt-gt\src\apisubiektgt\subiektgt\product.php: <b>Source:</b> InsERT.GT.1<br/><b>Description:</b> Towar jest zablokowany, nie mo?na go edytowa?..
2021-02-25 16:02:54 Line: 56, C:\xampp\htdocs\api-subiekt-gt\src\apisubiektgt\subiektgt\product.php: <b>Source:</b> InsERT.GT.1<br/><b>Description:</b> Towar jest zablokowany, nie mo?na go edytowa?..
2021-02-25 16:03:02 Line: 57, C:\xampp\htdocs\api-subiekt-gt\src\apisubiektgt\subiektgt\product.php: <b>Source:</b> InsERT.GT.1<br/><b>Description:</b> Towar jest zablokowany, nie mo?na go edytowa?..
2021-02-25 16:03:38 Line: 56, C:\xampp\htdocs\api-subiekt-gt\src\apisubiektgt\subiektgt\product.php: <b>Source:</b> InsERT.GT.1<br/><b>Description:</b> Towar jest zablokowany, nie mo?na go edytowa?..
2021-02-25 16:03:50 Line: 56, C:\xampp\htdocs\api-subiekt-gt\src\apisubiektgt\subiektgt\product.php: <b>Source:</b> InsERT.GT.1<br/><b>Description:</b> Towar jest zablokowany, nie mo?na go edytowa?..
2021-02-25 16:04:14 Line: 56, C:\xampp\htdocs\api-subiekt-gt\src\apisubiektgt\subiektgt\product.php: <b>Source:</b> InsERT.GT.1<br/><b>Description:</b> Towar jest zablokowany, nie mo?na go edytowa?..
2021-02-25 16:04:32 Line: 57, C:\xampp\htdocs\api-subiekt-gt\src\apisubiektgt\subiektgt\product.php: <b>Source:</b> InsERT.GT.1<br/><b>Description:</b> Towar jest zablokowany, nie mo?na go edytowa?..
2021-02-25 16:04:39 Line: 57, C:\xampp\htdocs\api-subiekt-gt\src\apisubiektgt\subiektgt\product.php: <b>Source:</b> InsERT.GT.1<br/><b>Description:</b> Towar jest zablokowany, nie mo?na go edytowa?..
2021-02-25 16:04:41 Line: 57, C:\xampp\htdocs\api-subiekt-gt\src\apisubiektgt\subiektgt\product.php: <b>Source:</b> InsERT.GT.1<br/><b>Description:</b> Towar jest zablokowany, nie mo?na go edytowa?..
2021-02-25 16:04:41 Line: 57, C:\xampp\htdocs\api-subiekt-gt\src\apisubiektgt\subiektgt\product.php: <b>Source:</b> InsERT.GT.1<br/><b>Description:</b> Towar jest zablokowany, nie mo?na go edytowa?..
2021-02-25 16:04:47 Line: 57, C:\xampp\htdocs\api-subiekt-gt\src\apisubiektgt\subiektgt\product.php: <b>Source:</b> InsERT.GT.1<br/><b>Description:</b> Towar jest zablokowany, nie mo?na go edytowa?..
2021-02-25 16:04:58 Line: 57, C:\xampp\htdocs\api-subiekt-gt\src\apisubiektgt\subiektgt\product.php: <b>Source:</b> InsERT.GT.1<br/><b>Description:</b> Towar jest zablokowany, nie mo?na go edytowa?..
2021-02-25 16:07:22 Line: 58, C:\xampp\htdocs\api-subiekt-gt\src\apisubiektgt\subiektgt\product.php: <b>Source:</b> InsERT.GT.1<br/><b>Description:</b> Towar jest zablokowany, nie mo?na go edytowa?..
2021-02-25 16:07:45 Line: 58, C:\xampp\htdocs\api-subiekt-gt\src\apisubiektgt\subiektgt\product.php: <b>Source:</b> InsERT.GT.1<br/><b>Description:</b> Towar jest zablokowany, nie mo?na go edytowa?..
2021-02-25 16:08:01 Line: 58, C:\xampp\htdocs\api-subiekt-gt\src\apisubiektgt\subiektgt\product.php: <b>Source:</b> InsERT.GT.1<br/><b>Description:</b> Towar jest zablokowany, nie mo?na go edytowa?..
2021-02-25 16:08:03 Line: 58, C:\xampp\htdocs\api-subiekt-gt\src\apisubiektgt\subiektgt\product.php: <b>Source:</b> InsERT.GT.1<br/><b>Description:</b> Towar jest zablokowany, nie mo?na go edytowa?..
2021-02-25 16:08:14 Line: 59, C:\xampp\htdocs\api-subiekt-gt\src\apisubiektgt\subiektgt\product.php: <b>Source:</b> InsERT.GT.1<br/><b>Description:</b> Towar jest zablokowany, nie mo?na go edytowa?..
2021-02-25 16:08:21 Line: 59, C:\xampp\htdocs\api-subiekt-gt\src\apisubiektgt\subiektgt\product.php: <b>Source:</b> InsERT.GT.1<br/><b>Description:</b> Towar jest zablokowany, nie mo?na go edytowa?..
2021-02-25 16:08:26 Line: 59, C:\xampp\htdocs\api-subiekt-gt\src\apisubiektgt\subiektgt\product.php: <b>Source:</b> InsERT.GT.1<br/><b>Description:</b> Towar jest zablokowany, nie mo?na go edytowa?..
2021-02-25 16:08:27 Line: 59, C:\xampp\htdocs\api-subiekt-gt\src\apisubiektgt\subiektgt\product.php: <b>Source:</b> InsERT.GT.1<br/><b>Description:</b> Towar jest zablokowany, nie mo?na go edytowa?..
2021-02-25 16:08:51 Line: 59, C:\xampp\htdocs\api-subiekt-gt\src\apisubiektgt\subiektgt\product.php: <b>Source:</b> InsERT.GT.1<br/><b>Description:</b> Towar jest zablokowany, nie mo?na go edytowa?..
2021-02-25 16:09:16 Line: 58, C:\xampp\htdocs\api-subiekt-gt\src\apisubiektgt\subiektgt\product.php: <b>Source:</b> InsERT.GT.1<br/><b>Description:</b> Towar jest zablokowany, nie mo?na go edytowa?..
2021-02-25 16:11:08 Line: 62, C:\xampp\htdocs\api-subiekt-gt\src\apisubiektgt\subiektgt\product.php: <b>Source:</b> InsERT.GT.1<br/><b>Description:</b> Towar jest zablokowany, nie mo?na go edytowa?..
2021-02-25 16:11:10 Line: 62, C:\xampp\htdocs\api-subiekt-gt\src\apisubiektgt\subiektgt\product.php: <b>Source:</b> InsERT.GT.1<br/><b>Description:</b> Towar jest zablokowany, nie mo?na go edytowa?..
2021-02-25 16:11:11 Line: 62, C:\xampp\htdocs\api-subiekt-gt\src\apisubiektgt\subiektgt\product.php: <b>Source:</b> InsERT.GT.1<br/><b>Description:</b> Towar jest zablokowany, nie mo?na go edytowa?..
2021-02-25 16:11:12 Line: 62, C:\xampp\htdocs\api-subiekt-gt\src\apisubiektgt\subiektgt\product.php: <b>Source:</b> InsERT.GT.1<br/><b>Description:</b> Towar jest zablokowany, nie mo?na go edytowa?..
2021-02-25 16:11:17 Line: 61, C:\xampp\htdocs\api-subiekt-gt\src\apisubiektgt\subiektgt\product.php: <b>Source:</b> InsERT.GT.1<br/><b>Description:</b> Towar jest zablokowany, nie mo?na go edytowa?..
2021-02-25 16:11:18 Line: 61, C:\xampp\htdocs\api-subiekt-gt\src\apisubiektgt\subiektgt\product.php: <b>Source:</b> InsERT.GT.1<br/><b>Description:</b> Towar jest zablokowany, nie mo?na go edytowa?..
2021-02-25 16:11:27 Line: 62, C:\xampp\htdocs\api-subiekt-gt\src\apisubiektgt\subiektgt\product.php: <b>Source:</b> InsERT.GT.1<br/><b>Description:</b> Towar jest zablokowany, nie mo?na go edytowa?..
2021-02-25 16:11:28 Line: 62, C:\xampp\htdocs\api-subiekt-gt\src\apisubiektgt\subiektgt\product.php: <b>Source:</b> InsERT.GT.1<br/><b>Description:</b> Towar jest zablokowany, nie mo?na go edytowa?..
2021-02-25 16:11:29 Line: 62, C:\xampp\htdocs\api-subiekt-gt\src\apisubiektgt\subiektgt\product.php: <b>Source:</b> InsERT.GT.1<br/><b>Description:</b> Towar jest zablokowany, nie mo?na go edytowa?..
2021-02-25 16:11:34 Line: 62, C:\xampp\htdocs\api-subiekt-gt\src\apisubiektgt\subiektgt\product.php: <b>Source:</b> InsERT.GT.1<br/><b>Description:</b> Towar jest zablokowany, nie mo?na go edytowa?..
2021-02-25 16:11:35 Line: 62, C:\xampp\htdocs\api-subiekt-gt\src\apisubiektgt\subiektgt\product.php: <b>Source:</b> InsERT.GT.1<br/><b>Description:</b> Towar jest zablokowany, nie mo?na go edytowa?..
2021-02-25 16:11:35 Line: 62, C:\xampp\htdocs\api-subiekt-gt\src\apisubiektgt\subiektgt\product.php: <b>Source:</b> InsERT.GT.1<br/><b>Description:</b> Towar jest zablokowany, nie mo?na go edytowa?..
2021-02-25 16:11:40 Line: 62, C:\xampp\htdocs\api-subiekt-gt\src\apisubiektgt\subiektgt\product.php: <b>Source:</b> InsERT.GT.1<br/><b>Description:</b> Towar jest zablokowany, nie mo?na go edytowa?..
2021-02-25 16:11:41 Line: 62, C:\xampp\htdocs\api-subiekt-gt\src\apisubiektgt\subiektgt\product.php: <b>Source:</b> InsERT.GT.1<br/><b>Description:</b> Towar jest zablokowany, nie mo?na go edytowa?..
2021-02-25 16:11:41 Line: 62, C:\xampp\htdocs\api-subiekt-gt\src\apisubiektgt\subiektgt\product.php: <b>Source:</b> InsERT.GT.1<br/><b>Description:</b> Towar jest zablokowany, nie mo?na go edytowa?..
2021-02-25 16:11:55 Line: 61, C:\xampp\htdocs\api-subiekt-gt\src\apisubiektgt\subiektgt\product.php: <b>Source:</b> InsERT.GT.1<br/><b>Description:</b> Towar jest zablokowany, nie mo?na go edytowa?..
2021-02-25 16:12:26 Line: 44, C:\xampp\htdocs\api-subiekt-gt\src\apisubiektgt\subiektgt\product.php: <b>Source:</b> InsERT.GT.1<br/><b>Description:</b> Towar jest zablokowany, nie mo?na go edytowa?..
2021-02-25 16:12:31 Line: 44, C:\xampp\htdocs\api-subiekt-gt\src\apisubiektgt\subiektgt\product.php: <b>Source:</b> InsERT.GT.1<br/><b>Description:</b> Towar jest zablokowany, nie mo?na go edytowa?..
2021-02-25 16:12:44 Line: 44, C:\xampp\htdocs\api-subiekt-gt\src\apisubiektgt\subiektgt\product.php: <b>Source:</b> InsERT.GT.1<br/><b>Description:</b> Towar jest zablokowany, nie mo?na go edytowa?..
2021-02-25 16:40:14 Line: 62, C:\xampp\htdocs\api-subiekt-gt\src\apisubiektgt\subiektgt\product.php: <b>Source:</b> InsERT.GT.1<br/><b>Description:</b> Towar jest zablokowany, nie mo?na go edytowa?..
2021-02-25 16:40:14 Line: 62, C:\xampp\htdocs\api-subiekt-gt\src\apisubiektgt\subiektgt\product.php: <b>Source:</b> InsERT.GT.1<br/><b>Description:</b> Towar jest zablokowany, nie mo?na go edytowa?..
2021-02-25 16:41:41 Line: 62, C:\xampp\htdocs\api-subiekt-gt\src\apisubiektgt\subiektgt\product.php: <b>Source:</b> InsERT.GT.1<br/><b>Description:</b> Towar jest zablokowany, nie mo?na go edytowa?..
2021-02-25 16:43:03 Line: 62, C:\xampp\htdocs\api-subiekt-gt\src\apisubiektgt\subiektgt\product.php: <b>Source:</b> InsERT.GT.1<br/><b>Description:</b> Towar jest zablokowany, nie mo?na go edytowa?..
2021-02-25 16:43:14 Line: 62, C:\xampp\htdocs\api-subiekt-gt\src\apisubiektgt\subiektgt\product.php: <b>Source:</b> InsERT.GT.1<br/><b>Description:</b> Towar jest zablokowany, nie mo?na go edytowa?..
2021-02-25 16:43:20 Line: 62, C:\xampp\htdocs\api-subiekt-gt\src\apisubiektgt\subiektgt\product.php: <b>Source:</b> InsERT.GT.1<br/><b>Description:</b> Towar jest zablokowany, nie mo?na go edytowa?..
2021-02-25 16:43:47 Line: 62, C:\xampp\htdocs\api-subiekt-gt\src\apisubiektgt\subiektgt\product.php: <b>Source:</b> InsERT.GT.1<br/><b>Description:</b> Towar jest zablokowany, nie mo?na go edytowa?..
2021-02-25 16:44:13 Line: 62, C:\xampp\htdocs\api-subiekt-gt\src\apisubiektgt\subiektgt\product.php: <b>Source:</b> InsERT.GT.1<br/><b>Description:</b> Towar jest zablokowany, nie mo?na go edytowa?..
2021-02-25 16:44:20 Line: 62, C:\xampp\htdocs\api-subiekt-gt\src\apisubiektgt\subiektgt\product.php: <b>Source:</b> InsERT.GT.1<br/><b>Description:</b> Towar jest zablokowany, nie mo?na go edytowa?..
2021-02-25 16:44:21 Line: 62, C:\xampp\htdocs\api-subiekt-gt\src\apisubiektgt\subiektgt\product.php: <b>Source:</b> InsERT.GT.1<br/><b>Description:</b> Towar jest zablokowany, nie mo?na go edytowa?..
2021-02-25 16:44:27 Line: 62, C:\xampp\htdocs\api-subiekt-gt\src\apisubiektgt\subiektgt\product.php: <b>Source:</b> InsERT.GT.1<br/><b>Description:</b> Towar jest zablokowany, nie mo?na go edytowa?..
2021-02-25 16:45:26 Line: 62, C:\xampp\htdocs\api-subiekt-gt\src\apisubiektgt\subiektgt\product.php: <b>Source:</b> InsERT.GT.1<br/><b>Description:</b> Towar jest zablokowany, nie mo?na go edytowa?..
2021-02-25 17:06:20 Line: 58, C:\xampp\htdocs\api-subiekt-gt\src\apisubiektgt\subiektgt\product.php: <b>Source:</b> Subiekt.Towar.1<br/><b>Description:</b> Nie mo?na zablokowa? obiektu. Obiekt zosta? zablokowany przez operatora Szef na stacji DRTUSZ-BIURO.
2021-02-25 17:06:33 Line: 58, C:\xampp\htdocs\api-subiekt-gt\src\apisubiektgt\subiektgt\product.php: <b>Source:</b> Subiekt.Towar.1<br/><b>Description:</b> Nie mo?na zablokowa? obiektu. Obiekt zosta? zablokowany przez operatora Szef na stacji DRTUSZ-BIURO.
2021-02-25 17:06:56 Line: 58, C:\xampp\htdocs\api-subiekt-gt\src\apisubiektgt\subiektgt\product.php: <b>Source:</b> Subiekt.Towar.1<br/><b>Description:</b> Nie mo?na zablokowa? obiektu. Obiekt zosta? zablokowany przez operatora Szef na stacji DRTUSZ-BIURO.
2021-02-25 17:08:03 Line: 58, C:\xampp\htdocs\api-subiekt-gt\src\apisubiektgt\subiektgt\product.php: <b>Source:</b> Subiekt.Towar.1<br/><b>Description:</b> Nie mo?na zablokowa? obiektu. Obiekt zosta? zablokowany przez operatora Szef na stacji DRTUSZ-BIURO.
2021-02-25 17:08:30 Line: 58, C:\xampp\htdocs\api-subiekt-gt\src\apisubiektgt\subiektgt\product.php: <b>Source:</b> Subiekt.Towar.1<br/><b>Description:</b> Nie mo?na zablokowa? obiektu. Obiekt zosta? zablokowany przez operatora Szef na stacji DRTUSZ-BIURO.
2021-02-25 17:09:37 Line: 58, C:\xampp\htdocs\api-subiekt-gt\src\apisubiektgt\subiektgt\product.php: <b>Source:</b> Subiekt.Towar.1<br/><b>Description:</b> Nie mo?na zablokowa? obiektu. Obiekt zosta? zablokowany przez operatora Szef na stacji DRTUSZ-BIURO.
2021-02-25 17:09:45 Line: 58, C:\xampp\htdocs\api-subiekt-gt\src\apisubiektgt\subiektgt\product.php: <b>Source:</b> Subiekt.Towar.1<br/><b>Description:</b> Nie mo?na zablokowa? obiektu. Obiekt zosta? zablokowany przez operatora Szef na stacji DRTUSZ-BIURO.
2021-02-25 17:11:04 Line: 58, C:\xampp\htdocs\api-subiekt-gt\src\apisubiektgt\subiektgt\product.php: <b>Source:</b> Subiekt.Towar.1<br/><b>Description:</b> Unknown Error
2021-02-25 17:36:03 Line: 58, C:\xampp\htdocs\api-subiekt-gt\src\apisubiektgt\subiektgt\product.php: <b>Source:</b> Subiekt.Towar.1<br/><b>Description:</b> Unknown Error
2021-02-25 18:29:11 Line: 93, C:\xampp\htdocs\api-subiekt-gt\src\apisubiektgt\subiektgt\order.php: <b>Source:</b> Unknown<br/><b>Description:</b> Unknown
2021-02-25 18:29:42 Line: 58, C:\xampp\htdocs\api-subiekt-gt\src\apisubiektgt\subiektgt\product.php: <b>Source:</b> Subiekt.Towar.1<br/><b>Description:</b> Unknown Error
2021-02-25 18:30:57 Line: 93, C:\xampp\htdocs\api-subiekt-gt\src\apisubiektgt\subiektgt\order.php: <b>Source:</b> Unknown<br/><b>Description:</b> Unknown
2021-02-25 18:31:11 Line: 93, C:\xampp\htdocs\api-subiekt-gt\src\apisubiektgt\subiektgt\order.php: <b>Source:</b> Unknown<br/><b>Description:</b> Unknown
2021-02-25 18:32:17 Line: 93, C:\xampp\htdocs\api-subiekt-gt\src\apisubiektgt\subiektgt\order.php: <b>Source:</b> Unknown<br/><b>Description:</b> Unknown
2021-02-25 18:36:15 Line: 93, C:\xampp\htdocs\api-subiekt-gt\src\apisubiektgt\subiektgt\order.php: <b>Source:</b> Unknown<br/><b>Description:</b> Unknown
2021-02-25 18:37:36 Line: 93, C:\xampp\htdocs\api-subiekt-gt\src\apisubiektgt\subiektgt\order.php: <b>Source:</b> Unknown<br/><b>Description:</b> Unknown
2021-02-25 18:40:26 Line: 93, C:\xampp\htdocs\api-subiekt-gt\src\apisubiektgt\subiektgt\order.php: <b>Source:</b> Unknown<br/><b>Description:</b> Unknown
2021-02-25 18:43:51 Line: 93, C:\xampp\htdocs\api-subiekt-gt\src\apisubiektgt\subiektgt\order.php: <b>Source:</b> Unknown<br/><b>Description:</b> Unknown
2021-02-25 18:45:32 Line: 126, C:\xampp\htdocs\api-subiekt-gt\src\apisubiektgt\subiektgt\order.php: Nie mo¿na utworzyæ dokumentu sprzeda¿y. Dokument: ZK 147/2021. <b>Source:</b> InsERT.GT.1<br/><b>Description:</b> Zamówienie ZK 147/2021 zosta³o ju¿ zrealizowane.
Dokument FS 19/2021 zosta³ wystawiony na podstawie tego zamówienia.
2021-02-25 19:01:46 Line: 67, C:\xampp\htdocs\api-subiekt-gt\public\api\index.php: Nieprawid³owy klucz API - api_key!
2021-02-25 19:08:52 Line: 46, C:\xampp\htdocs\api-subiekt-gt\src\apisubiektgt\subiektgt\product.php: <b>Source:</b> Subiekt.Towar.1<br/><b>Description:</b> B??d odczytu z bazy danych.
2021-02-25 19:08:52 Line: 46, C:\xampp\htdocs\api-subiekt-gt\src\apisubiektgt\subiektgt\product.php: <b>Source:</b> Subiekt.Towar.1<br/><b>Description:</b> B??d odczytu z bazy danych.
2021-02-25 19:08:52 Line: 46, C:\xampp\htdocs\api-subiekt-gt\src\apisubiektgt\subiektgt\product.php: <b>Source:</b> Subiekt.Towar.1<br/><b>Description:</b> B??d odczytu z bazy danych.
2021-02-25 19:08:52 Line: 46, C:\xampp\htdocs\api-subiekt-gt\src\apisubiektgt\subiektgt\product.php: <b>Source:</b> Subiekt.Towar.1<br/><b>Description:</b> B??d odczytu z bazy danych.
2021-02-25 19:08:52 Line: 46, C:\xampp\htdocs\api-subiekt-gt\src\apisubiektgt\subiektgt\product.php: <b>Source:</b> Subiekt.Towar.1<br/><b>Description:</b> B??d odczytu z bazy danych.
2021-02-25 19:08:52 Line: 46, C:\xampp\htdocs\api-subiekt-gt\src\apisubiektgt\subiektgt\product.php: <b>Source:</b> Subiekt.Towar.1<br/><b>Description:</b> B??d odczytu z bazy danych.
2021-02-25 19:08:52 Line: 46, C:\xampp\htdocs\api-subiekt-gt\src\apisubiektgt\subiektgt\product.php: <b>Source:</b> Subiekt.Towar.1<br/><b>Description:</b> B??d odczytu z bazy danych.
2021-02-25 19:08:52 Line: 46, C:\xampp\htdocs\api-subiekt-gt\src\apisubiektgt\subiektgt\product.php: <b>Source:</b> Subiekt.Towar.1<br/><b>Description:</b> B??d odczytu z bazy danych.
2021-02-25 19:08:52 Line: 46, C:\xampp\htdocs\api-subiekt-gt\src\apisubiektgt\subiektgt\product.php: <b>Source:</b> Subiekt.Towar.1<br/><b>Description:</b> B??d odczytu z bazy danych.
2021-02-25 19:08:52 Line: 46, C:\xampp\htdocs\api-subiekt-gt\src\apisubiektgt\subiektgt\product.php: <b>Source:</b> Subiekt.Towar.1<br/><b>Description:</b> B??d odczytu z bazy danych.
2021-02-25 19:39:45 Line: 126, C:\xampp\htdocs\api-subiekt-gt\src\apisubiektgt\subiektgt\order.php: Nie mo¿na utworzyæ dokumentu sprzeda¿y. Dokument: ZK 166/2021. <b>Source:</b> InsERT.GT.1<br/><b>Description:</b> Nie mo¿na zablokowaæ obiektu. Obiekt zosta³ zablokowany przez operatora Szef na stacji PAWEL.
2021-02-25 19:49:12 Line: 49, C:\xampp\htdocs\api-subiekt-gt\public\api\index.php: Nieprawid³owe wywo³anie API nie istnieje obiekt: products
2021-02-25 21:32:41 Line: 84, C:\xampp\htdocs\api-subiekt-gt\public\api\index.php: Wywo³anie metody: add jest zabronione!
2021-02-25 21:34:02 Line: 84, C:\xampp\htdocs\api-subiekt-gt\public\api\index.php: Wywo³anie metody: add jest zabronione!
2021-02-25 21:34:08 Line: 84, C:\xampp\htdocs\api-subiekt-gt\public\api\index.php: Wywo³anie metody: add jest zabronione!
2021-02-25 22:04:51 Line: 69, C:\xampp\htdocs\api-subiekt-gt\src\apisubiektgt\subiektgt\products.php: <b>Source:</b> Unknown<br/><b>Description:</b> Unknown
2021-02-25 22:05:13 Line: 69, C:\xampp\htdocs\api-subiekt-gt\src\apisubiektgt\subiektgt\products.php: <b>Source:</b> Unknown<br/><b>Description:</b> Unknown
2021-02-25 22:06:14 Line: 76, C:\xampp\htdocs\api-subiekt-gt\src\apisubiektgt\subiektgt\products.php: Unable to lookup `vat': Nieznana nazwa.
2021-02-25 22:07:29 Line: 68, C:\xampp\htdocs\api-subiekt-gt\src\apisubiektgt\subiektgt\products.php: <b>Source:</b> Subiekt.Towar.1<br/><b>Description:</b> Nie mo?na zablokowa? obiektu. Obiekt zosta? zablokowany przez operatora Szef na stacji DRTUSZ-BIURO.
2021-02-25 22:16:39 Line: 69, C:\xampp\htdocs\api-subiekt-gt\src\apisubiektgt\subiektgt\products.php: <b>Source:</b> Subiekt.Towar.1<br/><b>Description:</b> Unknown Error
2021-02-25 22:18:19 Line: 69, C:\xampp\htdocs\api-subiekt-gt\src\apisubiektgt\subiektgt\products.php: <b>Source:</b> Subiekt.Towar.1<br/><b>Description:</b> Nie mo?na zablokowa? obiektu. Obiekt zosta? zablokowany przez operatora Szef na stacji DRTUSZ-BIURO.
2021-02-25 22:19:19 Line: 69, C:\xampp\htdocs\api-subiekt-gt\src\apisubiektgt\subiektgt\products.php: <b>Source:</b> Subiekt.Towar.1<br/><b>Description:</b> Nie mo?na zablokowa? obiektu. Obiekt zosta? zablokowany przez operatora Szef na stacji DRTUSZ-BIURO.
2021-02-25 22:20:03 Line: 69, C:\xampp\htdocs\api-subiekt-gt\src\apisubiektgt\subiektgt\products.php: <b>Source:</b> Subiekt.Towar.1<br/><b>Description:</b> Nie mo?na zablokowa? obiektu. Obiekt zosta? zablokowany przez operatora Szef na stacji DRTUSZ-BIURO.
2021-02-25 22:20:17 Line: 71, C:\xampp\htdocs\api-subiekt-gt\src\apisubiektgt\subiektgt\products.php: <b>Source:</b> Subiekt.Towar.1<br/><b>Description:</b> Nie mo?na zablokowa? obiektu. Obiekt zosta? zablokowany przez operatora Szef na stacji DRTUSZ-BIURO.
2021-02-25 22:20:46 Line: 69, C:\xampp\htdocs\api-subiekt-gt\src\apisubiektgt\subiektgt\products.php: <b>Source:</b> Subiekt.Towar.1<br/><b>Description:</b> Nie mo?na zablokowa? obiektu. Obiekt zosta? zablokowany przez operatora Szef na stacji DRTUSZ-BIURO.
2021-02-25 22:22:14 Line: 68, C:\xampp\htdocs\api-subiekt-gt\src\apisubiektgt\subiektgt\products.php: <b>Source:</b> Subiekt.Towar.1<br/><b>Description:</b> Nie mo?na zablokowa? obiektu. Obiekt zosta? zablokowany przez operatora Szef na stacji DRTUSZ-BIURO.
2021-02-25 22:24:08 Line: 70, C:\xampp\htdocs\api-subiekt-gt\src\apisubiektgt\subiektgt\products.php: <b>Source:</b> Subiekt.Towar.1<br/><b>Description:</b> Nie mo?na zablokowa? obiektu. Obiekt zosta? zablokowany przez operatora Szef na stacji DRTUSZ-BIURO.
2021-02-25 22:25:10 Line: 70, C:\xampp\htdocs\api-subiekt-gt\src\apisubiektgt\subiektgt\products.php: <b>Source:</b> Subiekt.Towar.1<br/><b>Description:</b> Nie mo?na zablokowa? obiektu. Obiekt zosta? zablokowany przez operatora Szef na stacji DRTUSZ-BIURO.
2021-02-25 22:29:11 Line: 68, C:\xampp\htdocs\api-subiekt-gt\src\apisubiektgt\subiektgt\products.php: <b>Source:</b> Subiekt.Towar.1<br/><b>Description:</b> Nie mo?na zablokowa? obiektu. Obiekt zosta? zablokowany przez operatora Szef na stacji MBEAVIS-DESKTOP.
2021-02-25 22:33:19 Line: 68, C:\xampp\htdocs\api-subiekt-gt\src\apisubiektgt\subiektgt\products.php: <b>Source:</b> Subiekt.Towar.1<br/><b>Description:</b> Nie mo?na zablokowa? obiektu. Obiekt zosta? zablokowany przez operatora Szef na stacji MBEAVIS-DESKTOP.
2021-02-25 22:34:47 Line: 68, C:\xampp\htdocs\api-subiekt-gt\src\apisubiektgt\subiektgt\products.php: <b>Source:</b> Subiekt.Towar.1<br/><b>Description:</b> Nie mo?na zablokowa? obiektu. Obiekt zosta? zablokowany przez operatora Szef na stacji MBEAVIS-DESKTOP.
2021-02-25 22:41:28 Line: 67, C:\xampp\htdocs\api-subiekt-gt\src\apisubiektgt\subiektgt\products.php: <b>Source:</b> Subiekt.Towar.1<br/><b>Description:</b> Nie mo?na zablokowa? obiektu. Obiekt zosta? zablokowany przez operatora Szef na stacji MBEAVIS-DESKTOP.
2021-02-25 22:42:13 Line: 67, C:\xampp\htdocs\api-subiekt-gt\src\apisubiektgt\subiektgt\products.php: <b>Source:</b> Subiekt.Towar.1<br/><b>Description:</b> Unknown Error
2021-02-25 22:42:18 Line: 67, C:\xampp\htdocs\api-subiekt-gt\src\apisubiektgt\subiektgt\products.php: <b>Source:</b> Subiekt.Towar.1<br/><b>Description:</b> Unknown Error
2021-02-25 22:50:26 Line: 67, C:\xampp\htdocs\api-subiekt-gt\src\apisubiektgt\subiektgt\products.php: <b>Source:</b> Subiekt.Towar.1<br/><b>Description:</b> Nie mo?na zablokowa? obiektu. Obiekt zosta? zablokowany przez operatora Szef na stacji MBEAVIS-DESKTOP.
